#
# There is insufficient memory for the Java Runtime Environment to continue.
# Native memory allocation (malloc) failed to allocate 1306576 bytes for Chunk::new
# Possible reasons:
#   The system is out of physical RAM or swap space
#   The process is running with CompressedOops enabled, and the Java Heap may be blocking the growth of the native heap
# Possible solutions:
#   Reduce memory load on the system
#   Increase physical memory or swap space
#   Check if swap backing store is full
#   Decrease Java heap size (-Xmx/-Xms)
#   Decrease number of Java threads
#   Decrease Java thread stack sizes (-Xss)
#   Set larger code cache with -XX:ReservedCodeCacheSize=
#   JVM is running with Unscaled Compressed Oops mode in which the Java heap is
#     placed in the first 4GB address space. The Java Heap base address is the
#     maximum limit for the native heap growth. Please use -XX:HeapBaseMinAddress
#     to set the Java Heap base and to place the Java Heap above 4GB virtual address.
# This output file may be truncated or incomplete.
#
#  Out of Memory Error (arena.cpp:189), pid=21216, tid=5984
#
# JRE version: OpenJDK Runtime Environment Temurin-17.0.6+10 (17.0.6+10) (build 17.0.6+10)
# Java VM: OpenJDK 64-Bit Server VM Temurin-17.0.6+10 (17.0.6+10, mixed mode, sharing, tiered, compressed oops, compressed class ptrs, g1 gc, windows-amd64)
# No core dump will be written. Minidumps are not enabled by default on client versions of Windows
#

---------------  S U M M A R Y ------------

Command Line: -XX:MaxMetaspaceSize=512m --add-opens=java.base/java.util=ALL-UNNAMED --add-opens=java.base/java.lang=ALL-UNNAMED --add-opens=java.base/java.lang.invoke=ALL-UNNAMED --add-opens=java.base/java.util=ALL-UNNAMED --add-opens=java.prefs/java.util.prefs=ALL-UNNAMED --add-opens=java.prefs/java.util.prefs=ALL-UNNAMED --add-opens=java.base/java.nio.charset=ALL-UNNAMED --add-opens=java.base/java.net=ALL-UNNAMED --add-opens=java.base/java.util.concurrent.atomic=ALL-UNNAMED -Xmx2048m -Dfile.encoding=windows-1252 -Duser.country=IN -Duser.language=en -Duser.variant org.gradle.launcher.daemon.bootstrap.GradleDaemon 7.3.3

Host: 11th Gen Intel(R) Core(TM) i3-1115G4 @ 3.00GHz, 4 cores, 7G,  Windows 11 , 64 bit Build 22621 (10.0.22621.3958)
Time: Sat Oct  5 13:13:51 2024 India Standard Time elapsed time: 116.935586 seconds (0d 0h 1m 56s)

---------------  T H R E A D  ---------------

Current thread (0x000001da1f7f4c20):  JavaThread "C2 CompilerThread0" daemon [_thread_in_native, id=5984, stack(0x000000bd1e900000,0x000000bd1ea00000)]


Current CompileTask:
C2: 116935 9592       4       org.gradle.internal.reflect.ClassInspector::inspectClass (179 bytes)

Stack: [0x000000bd1e900000,0x000000bd1ea00000]
Native frames: (J=compiled Java code, j=interpreted, Vv=VM code, C=native code)
V  [jvm.dll+0x67741a]
V  [jvm.dll+0x834434]
V  [jvm.dll+0x835bde]
V  [jvm.dll+0x836243]
V  [jvm.dll+0x2457b5]
V  [jvm.dll+0xabafc]
V  [jvm.dll+0xac0cc]
V  [jvm.dll+0x363492]
V  [jvm.dll+0x32dda1]
V  [jvm.dll+0x32d24a]
V  [jvm.dll+0x2185f1]
V  [jvm.dll+0x217a11]
V  [jvm.dll+0x1a3d0d]
V  [jvm.dll+0x22742a]
V  [jvm.dll+0x225565]
V  [jvm.dll+0x7ea2cb]
V  [jvm.dll+0x7e483a]
V  [jvm.dll+0x6762c5]
C  [ucrtbase.dll+0x29333]
C  [KERNEL32.DLL+0x1257d]
C  [ntdll.dll+0x5af28]


---------------  P R O C E S S  ---------------

Threads class SMR info:
_java_thread_list=0x000001da26620830, length=85, elements={
0x000001da01c55840, 0x000001da1f7d7d10, 0x000001da1f7d88c0, 0x000001da1f7f0260,
0x000001da1f7f2b30, 0x000001da1f7f34e0, 0x000001da1f7f3e90, 0x000001da1f7f4c20,
0x000001da1f7f96e0, 0x000001da20408070, 0x000001da204db550, 0x000001da204e1690,
0x000001da20de7780, 0x000001da21c99910, 0x000001da21cb7030, 0x000001da21c7d050,
0x000001da21d8db80, 0x000001da21dd5030, 0x000001da21dd5500, 0x000001da21dd24e0,
0x000001da21dd29b0, 0x000001da21dd59d0, 0x000001da21dd4690, 0x000001da21dd2010,
0x000001da21dd3350, 0x000001da21dd3820, 0x000001da21dd2e80, 0x000001da21dd3cf0,
0x000001da21dd41c0, 0x000001da21dd4b60, 0x000001da20762970, 0x000001da20761b00,
0x000001da20762e40, 0x000001da20763310, 0x000001da207637e0, 0x000001da20764b20,
0x000001da20763cb0, 0x000001da20764180, 0x000001da20764650, 0x000001da21478080,
0x000001da21479d60, 0x000001da2147a230, 0x000001da21475530, 0x000001da2147abd0,
0x000001da21477210, 0x000001da21477bb0, 0x000001da214746c0, 0x000001da21475060,
0x000001da2147b570, 0x000001da21478550, 0x000001da21478a20, 0x000001da21478ef0,
0x000001da21475a00, 0x000001da2147b0a0, 0x000001da214763a0, 0x000001da21473d20,
0x000001da21476870, 0x000001da214741f0, 0x000001da21476d40, 0x000001da21475ed0,
0x000001da214776e0, 0x000001da21474b90, 0x000001da214793c0, 0x000001da21479890,
0x000001da2147a700, 0x000001da228c63b0, 0x000001da228cb0b0, 0x000001da228c9d70,
0x000001da228cc3f0, 0x000001da228cb580, 0x000001da228c6880, 0x000001da228cbf20,
0x000001da228c5070, 0x000001da228ca710, 0x000001da228ca240, 0x000001da228cba50,
0x000001da228c8090, 0x000001da228c5540, 0x000001da228c76f0, 0x000001da228c7bc0,
0x000001da228c8560, 0x000001da228c5a10, 0x000001da228c8a30, 0x000001da228c8f00,
0x000001da228c93d0
}

Java Threads: ( => current thread )
  0x000001da01c55840 JavaThread "main" [_thread_blocked, id=15976, stack(0x000000bd1db00000,0x000000bd1dc00000)]
  0x000001da1f7d7d10 JavaThread "Reference Handler" daemon [_thread_blocked, id=10200, stack(0x000000bd1e300000,0x000000bd1e400000)]
  0x000001da1f7d88c0 JavaThread "Finalizer" daemon [_thread_blocked, id=20740, stack(0x000000bd1e400000,0x000000bd1e500000)]
  0x000001da1f7f0260 JavaThread "Signal Dispatcher" daemon [_thread_blocked, id=1112, stack(0x000000bd1e500000,0x000000bd1e600000)]
  0x000001da1f7f2b30 JavaThread "Attach Listener" daemon [_thread_blocked, id=19312, stack(0x000000bd1e600000,0x000000bd1e700000)]
  0x000001da1f7f34e0 JavaThread "Service Thread" daemon [_thread_blocked, id=1560, stack(0x000000bd1e700000,0x000000bd1e800000)]
  0x000001da1f7f3e90 JavaThread "Monitor Deflation Thread" daemon [_thread_blocked, id=13984, stack(0x000000bd1e800000,0x000000bd1e900000)]
=>0x000001da1f7f4c20 JavaThread "C2 CompilerThread0" daemon [_thread_in_native, id=5984, stack(0x000000bd1e900000,0x000000bd1ea00000)]
  0x000001da1f7f96e0 JavaThread "C1 CompilerThread0" daemon [_thread_blocked, id=2524, stack(0x000000bd1ea00000,0x000000bd1eb00000)]
  0x000001da20408070 JavaThread "Sweeper thread" daemon [_thread_blocked, id=16116, stack(0x000000bd1eb00000,0x000000bd1ec00000)]
  0x000001da204db550 JavaThread "Common-Cleaner" daemon [_thread_blocked, id=7096, stack(0x000000bd1ec00000,0x000000bd1ed00000)]
  0x000001da204e1690 JavaThread "Notification Thread" daemon [_thread_blocked, id=18912, stack(0x000000bd1ed00000,0x000000bd1ee00000)]
  0x000001da20de7780 JavaThread "Daemon health stats" [_thread_blocked, id=16164, stack(0x000000bd1f200000,0x000000bd1f300000)]
  0x000001da21c99910 JavaThread "Incoming local TCP Connector on port 50666" [_thread_in_native, id=21256, stack(0x000000bd1f300000,0x000000bd1f400000)]
  0x000001da21cb7030 JavaThread "Daemon periodic checks" [_thread_blocked, id=17752, stack(0x000000bd1f400000,0x000000bd1f500000)]
  0x000001da21c7d050 JavaThread "Daemon" [_thread_blocked, id=1724, stack(0x000000bd1f500000,0x000000bd1f600000)]
  0x000001da21d8db80 JavaThread "Handler for socket connection from /127.0.0.1:50666 to /127.0.0.1:50667" [_thread_in_native, id=12332, stack(0x000000bd1f600000,0x000000bd1f700000)]
  0x000001da21dd5030 JavaThread "Cancel handler" [_thread_blocked, id=1748, stack(0x000000bd1f700000,0x000000bd1f800000)]
  0x000001da21dd5500 JavaThread "Daemon worker" [_thread_in_vm, id=18676, stack(0x000000bd1f800000,0x000000bd1f900000)]
  0x000001da21dd24e0 JavaThread "Asynchronous log dispatcher for DefaultDaemonConnection: socket connection from /127.0.0.1:50666 to /127.0.0.1:50667" [_thread_blocked, id=17556, stack(0x000000bd1f900000,0x000000bd1fa00000)]
  0x000001da21dd29b0 JavaThread "Stdin handler" [_thread_blocked, id=9848, stack(0x000000bd1fa00000,0x000000bd1fb00000)]
  0x000001da21dd59d0 JavaThread "Daemon client event forwarder" [_thread_blocked, id=9416, stack(0x000000bd1fb00000,0x000000bd1fc00000)]
  0x000001da21dd4690 JavaThread "Cache worker for journal cache (C:\Users\kavir\.gradle\caches\journal-1)" [_thread_blocked, id=3592, stack(0x000000bd1fc00000,0x000000bd1fd00000)]
  0x000001da21dd2010 JavaThread "File lock request listener" [_thread_in_native, id=7876, stack(0x000000bd1fd00000,0x000000bd1fe00000)]
  0x000001da21dd3350 JavaThread "Cache worker for file hash cache (C:\Users\kavir\.gradle\caches\7.3.3\fileHashes)" [_thread_blocked, id=2140, stack(0x000000bd1fe00000,0x000000bd1ff00000)]
  0x000001da21dd3820 JavaThread "Cache worker for file hash cache (D:\theschool.ai\frontend\android\.gradle\7.3.3\fileHashes)" [_thread_blocked, id=8480, stack(0x000000bd1ff00000,0x000000bd20000000)]
  0x000001da21dd2e80 JavaThread "File watcher server" daemon [_thread_in_native, id=14908, stack(0x000000bd20000000,0x000000bd20100000)]
  0x000001da21dd3cf0 JavaThread "File watcher consumer" daemon [_thread_blocked, id=17672, stack(0x000000bd20100000,0x000000bd20200000)]
  0x000001da21dd41c0 JavaThread "Cache worker for checksums cache (D:\theschool.ai\frontend\android\.gradle\7.3.3\checksums)" [_thread_blocked, id=14424, stack(0x000000bd20200000,0x000000bd20300000)]
  0x000001da21dd4b60 JavaThread "Cache worker for cache directory md-supplier (C:\Users\kavir\.gradle\caches\7.3.3\md-supplier)" [_thread_blocked, id=1392, stack(0x000000bd20300000,0x000000bd20400000)]
  0x000001da20762970 JavaThread "Cache worker for cache directory md-rule (C:\Users\kavir\.gradle\caches\7.3.3\md-rule)" [_thread_blocked, id=20136, stack(0x000000bd20400000,0x000000bd20500000)]
  0x000001da20761b00 JavaThread "Cache worker for execution history cache (C:\Users\kavir\.gradle\caches\7.3.3\executionHistory)" [_thread_blocked, id=3336, stack(0x000000bd20500000,0x000000bd20600000)]
  0x000001da20762e40 JavaThread "jar transforms" [_thread_blocked, id=20052, stack(0x000000bd20700000,0x000000bd20800000)]
  0x000001da20763310 JavaThread "jar transforms Thread 2" [_thread_blocked, id=10192, stack(0x000000bd20800000,0x000000bd20900000)]
  0x000001da207637e0 JavaThread "Cache worker for file content cache (C:\Users\kavir\.gradle\caches\7.3.3\fileContent)" [_thread_blocked, id=16624, stack(0x000000bd20900000,0x000000bd20a00000)]
  0x000001da20764b20 JavaThread "jar transforms Thread 3" [_thread_blocked, id=15380, stack(0x000000bd20a00000,0x000000bd20b00000)]
  0x000001da20763cb0 JavaThread "jar transforms Thread 4" [_thread_blocked, id=21084, stack(0x000000bd20b00000,0x000000bd20c00000)]
  0x000001da20764180 JavaThread "Cache worker for kotlin-dsl (C:\Users\kavir\.gradle\caches\7.3.3\kotlin-dsl)" [_thread_blocked, id=20916, stack(0x000000bd20d00000,0x000000bd20e00000)]
  0x000001da20764650 JavaThread "Cache worker for dependencies-accessors (D:\theschool.ai\frontend\android\.gradle\7.3.3\dependencies-accessors)" [_thread_blocked, id=14852, stack(0x000000bd20e00000,0x000000bd20f00000)]
  0x000001da21478080 JavaThread "Cache worker for Build Output Cleanup Cache (D:\theschool.ai\frontend\node_modules\react-native-gradle-plugin\.gradle\buildOutputCleanup)" [_thread_blocked, id=4344, stack(0x000000bd20f00000,0x000000bd21000000)]
  0x000001da21479d60 JavaThread "Unconstrained build operations" [_thread_blocked, id=21192, stack(0x000000bd21000000,0x000000bd21100000)]
  0x000001da2147a230 JavaThread "Unconstrained build operations Thread 2" [_thread_blocked, id=1924, stack(0x000000bd21100000,0x000000bd21200000)]
  0x000001da21475530 JavaThread "Unconstrained build operations Thread 3" [_thread_blocked, id=21416, stack(0x000000bd21200000,0x000000bd21300000)]
  0x000001da2147abd0 JavaThread "Unconstrained build operations Thread 4" [_thread_blocked, id=19356, stack(0x000000bd21300000,0x000000bd21400000)]
  0x000001da21477210 JavaThread "Unconstrained build operations Thread 5" [_thread_blocked, id=7432, stack(0x000000bd21400000,0x000000bd21500000)]
  0x000001da21477bb0 JavaThread "Unconstrained build operations Thread 6" [_thread_blocked, id=19828, stack(0x000000bd21500000,0x000000bd21600000)]
  0x000001da214746c0 JavaThread "Unconstrained build operations Thread 7" [_thread_blocked, id=2604, stack(0x000000bd21600000,0x000000bd21700000)]
  0x000001da21475060 JavaThread "Unconstrained build operations Thread 8" [_thread_blocked, id=15848, stack(0x000000bd21700000,0x000000bd21800000)]
  0x000001da2147b570 JavaThread "Unconstrained build operations Thread 9" [_thread_blocked, id=19696, stack(0x000000bd21800000,0x000000bd21900000)]
  0x000001da21478550 JavaThread "Unconstrained build operations Thread 10" [_thread_blocked, id=17844, stack(0x000000bd21900000,0x000000bd21a00000)]
  0x000001da21478a20 JavaThread "Unconstrained build operations Thread 11" [_thread_blocked, id=16440, stack(0x000000bd21a00000,0x000000bd21b00000)]
  0x000001da21478ef0 JavaThread "Unconstrained build operations Thread 12" [_thread_blocked, id=6848, stack(0x000000bd21b00000,0x000000bd21c00000)]
  0x000001da21475a00 JavaThread "Unconstrained build operations Thread 13" [_thread_blocked, id=4016, stack(0x000000bd21c00000,0x000000bd21d00000)]
  0x000001da2147b0a0 JavaThread "Unconstrained build operations Thread 14" [_thread_blocked, id=12740, stack(0x000000bd21d00000,0x000000bd21e00000)]
  0x000001da214763a0 JavaThread "Unconstrained build operations Thread 15" [_thread_blocked, id=20460, stack(0x000000bd21e00000,0x000000bd21f00000)]
  0x000001da21473d20 JavaThread "Unconstrained build operations Thread 16" [_thread_blocked, id=19056, stack(0x000000bd21f00000,0x000000bd22000000)]
  0x000001da21476870 JavaThread "Unconstrained build operations Thread 17" [_thread_blocked, id=18500, stack(0x000000bd22000000,0x000000bd22100000)]
  0x000001da214741f0 JavaThread "Unconstrained build operations Thread 18" [_thread_blocked, id=10952, stack(0x000000bd22100000,0x000000bd22200000)]
  0x000001da21476d40 JavaThread "Unconstrained build operations Thread 19" [_thread_blocked, id=21404, stack(0x000000bd22200000,0x000000bd22300000)]
  0x000001da21475ed0 JavaThread "Unconstrained build operations Thread 20" [_thread_blocked, id=8440, stack(0x000000bd22300000,0x000000bd22400000)]
  0x000001da214776e0 JavaThread "Unconstrained build operations Thread 21" [_thread_blocked, id=10920, stack(0x000000bd22400000,0x000000bd22500000)]
  0x000001da21474b90 JavaThread "Unconstrained build operations Thread 22" [_thread_blocked, id=20808, stack(0x000000bd22500000,0x000000bd22600000)]
  0x000001da214793c0 JavaThread "Unconstrained build operations Thread 23" [_thread_blocked, id=20456, stack(0x000000bd22600000,0x000000bd22700000)]
  0x000001da21479890 JavaThread "Unconstrained build operations Thread 24" [_thread_blocked, id=2628, stack(0x000000bd22700000,0x000000bd22800000)]
  0x000001da2147a700 JavaThread "Unconstrained build operations Thread 25" [_thread_blocked, id=9768, stack(0x000000bd22800000,0x000000bd22900000)]
  0x000001da228c63b0 JavaThread "Unconstrained build operations Thread 26" [_thread_blocked, id=16644, stack(0x000000bd22900000,0x000000bd22a00000)]
  0x000001da228cb0b0 JavaThread "Unconstrained build operations Thread 27" [_thread_blocked, id=18628, stack(0x000000bd22a00000,0x000000bd22b00000)]
  0x000001da228c9d70 JavaThread "Unconstrained build operations Thread 28" [_thread_blocked, id=20876, stack(0x000000bd22b00000,0x000000bd22c00000)]
  0x000001da228cc3f0 JavaThread "Unconstrained build operations Thread 29" [_thread_blocked, id=19708, stack(0x000000bd22c00000,0x000000bd22d00000)]
  0x000001da228cb580 JavaThread "Unconstrained build operations Thread 30" [_thread_blocked, id=17660, stack(0x000000bd22d00000,0x000000bd22e00000)]
  0x000001da228c6880 JavaThread "Unconstrained build operations Thread 31" [_thread_blocked, id=15824, stack(0x000000bd22e00000,0x000000bd22f00000)]
  0x000001da228cbf20 JavaThread "Unconstrained build operations Thread 32" [_thread_blocked, id=20204, stack(0x000000bd22f00000,0x000000bd23000000)]
  0x000001da228c5070 JavaThread "Unconstrained build operations Thread 33" [_thread_blocked, id=15588, stack(0x000000bd23000000,0x000000bd23100000)]
  0x000001da228ca710 JavaThread "build event listener" [_thread_blocked, id=19008, stack(0x000000bd23100000,0x000000bd23200000)]
  0x000001da228ca240 JavaThread "Memory manager" [_thread_blocked, id=17692, stack(0x000000bd23200000,0x000000bd23300000)]
  0x000001da228cba50 JavaThread "Cache worker for Build Output Cleanup Cache (D:\theschool.ai\frontend\android\.gradle\buildOutputCleanup)" [_thread_blocked, id=3508, stack(0x000000bd1da00000,0x000000bd1db00000)]
  0x000001da228c8090 JavaThread "included builds" [_thread_blocked, id=13180, stack(0x000000bd23300000,0x000000bd23400000)]
  0x000001da228c5540 JavaThread "Cache worker for execution history cache (D:\theschool.ai\frontend\node_modules\react-native-gradle-plugin\.gradle\7.3.3\executionHistory)" [_thread_blocked, id=19608, stack(0x000000bd1dc00000,0x000000bd1dd00000)]
  0x000001da228c76f0 JavaThread "Unconstrained build operations Thread 34" [_thread_blocked, id=20184, stack(0x000000bd23700000,0x000000bd23800000)]
  0x000001da228c7bc0 JavaThread "Unconstrained build operations Thread 35" [_thread_blocked, id=6420, stack(0x000000bd23800000,0x000000bd23900000)]
  0x000001da228c8560 JavaThread "Unconstrained build operations Thread 36" [_thread_blocked, id=15364, stack(0x000000bd23900000,0x000000bd23a00000)]
  0x000001da228c5a10 JavaThread "Unconstrained build operations Thread 37" [_thread_blocked, id=16548, stack(0x000000bd23a00000,0x000000bd23b00000)]
  0x000001da228c8a30 JavaThread "Unconstrained build operations Thread 38" [_thread_blocked, id=9428, stack(0x000000bd23b00000,0x000000bd23c00000)]
  0x000001da228c8f00 JavaThread "Unconstrained build operations Thread 39" [_thread_blocked, id=724, stack(0x000000bd23c00000,0x000000bd23d00000)]
  0x000001da228c93d0 JavaThread "Unconstrained build operations Thread 40" [_thread_blocked, id=15372, stack(0x000000bd23d00000,0x000000bd23e00000)]

Other Threads:
  0x000001da1f7d57d0 VMThread "VM Thread" [stack: 0x000000bd1e200000,0x000000bd1e300000] [id=19808]
  0x000001da204e3b70 WatcherThread [stack: 0x000000bd1ee00000,0x000000bd1ef00000] [id=19720]
  0x000001da01cb0690 GCTaskThread "GC Thread#0" [stack: 0x000000bd1dd00000,0x000000bd1de00000] [id=15536]
  0x000001da206ef4d0 GCTaskThread "GC Thread#1" [stack: 0x000000bd1ef00000,0x000000bd1f000000] [id=15904]
  0x000001da206ed9f0 GCTaskThread "GC Thread#2" [stack: 0x000000bd1f000000,0x000000bd1f100000] [id=7528]
  0x000001da206eea10 GCTaskThread "GC Thread#3" [stack: 0x000000bd1f100000,0x000000bd1f200000] [id=5008]
  0x000001da01cc1470 ConcurrentGCThread "G1 Main Marker" [stack: 0x000000bd1de00000,0x000000bd1df00000] [id=15440]
  0x000001da01cc1d20 ConcurrentGCThread "G1 Conc#0" [stack: 0x000000bd1df00000,0x000000bd1e000000] [id=19804]
  0x000001da1f6920c0 ConcurrentGCThread "G1 Refine#0" [stack: 0x000000bd1e000000,0x000000bd1e100000] [id=17500]
  0x000001da24064ea0 ConcurrentGCThread "G1 Refine#1" [stack: 0x000000bd20600000,0x000000bd20700000] [id=19884]
  0x000001da1f692980 ConcurrentGCThread "G1 Service" [stack: 0x000000bd1e100000,0x000000bd1e200000] [id=20104]

Threads with active compile tasks:
C2 CompilerThread0   116990 9592       4       org.gradle.internal.reflect.ClassInspector::inspectClass (179 bytes)

VM state: not at safepoint (normal execution)

VM Mutex/Monitor currently owned by a thread: None

Heap address: 0x0000000080000000, size: 2048 MB, Compressed Oops mode: 32-bit

CDS archive(s) mapped at: [0x0000000800000000-0x0000000800bc0000-0x0000000800bc0000), size 12320768, SharedBaseAddress: 0x0000000800000000, ArchiveRelocationMode: 0.
Compressed class space mapped at: 0x0000000800c00000-0x000000081a800000, reserved size: 432013312
Narrow klass base: 0x0000000800000000, Narrow klass shift: 0, Narrow klass range: 0x100000000

GC Precious Log:
 CPUs: 4 total, 4 available
 Memory: 7834M
 Large Page Support: Disabled
 NUMA Support: Disabled
 Compressed Oops: Enabled (32-bit)
 Heap Region Size: 1M
 Heap Min Capacity: 8M
 Heap Initial Capacity: 124M
 Heap Max Capacity: 2G
 Pre-touch: Disabled
 Parallel Workers: 4
 Concurrent Workers: 1
 Concurrent Refinement Workers: 4
 Periodic GC: Disabled

Heap:
 garbage-first heap   total 208896K, used 124141K [0x0000000080000000, 0x0000000100000000)
  region size 1024K, 50 young (51200K), 4 survivors (4096K)
 Metaspace       used 75609K, committed 76288K, reserved 495616K
  class space    used 10414K, committed 10688K, reserved 421888K

Heap Regions: E=young(eden), S=young(survivor), O=old, HS=humongous(starts), HC=humongous(continues), CS=collection set, F=free, OA=open archive, CA=closed archive, TAMS=top-at-mark-start (previous, next)
|   0|0x0000000080000000, 0x0000000080100000, 0x0000000080100000|100%|HS|  |TAMS 0x0000000080100000, 0x0000000080000000| Complete 
|   1|0x0000000080100000, 0x0000000080200000, 0x0000000080200000|100%|HC|  |TAMS 0x0000000080200000, 0x0000000080100000| Complete 
|   2|0x0000000080200000, 0x0000000080300000, 0x0000000080300000|100%|HC|  |TAMS 0x0000000080300000, 0x0000000080200000| Complete 
|   3|0x0000000080300000, 0x0000000080400000, 0x0000000080400000|100%| O|  |TAMS 0x0000000080400000, 0x0000000080300000| Untracked 
|   4|0x0000000080400000, 0x0000000080500000, 0x0000000080500000|100%| O|  |TAMS 0x0000000080500000, 0x0000000080400000| Untracked 
|   5|0x0000000080500000, 0x0000000080600000, 0x0000000080600000|100%| O|  |TAMS 0x0000000080600000, 0x0000000080500000| Untracked 
|   6|0x0000000080600000, 0x0000000080700000, 0x0000000080700000|100%| O|  |TAMS 0x0000000080700000, 0x0000000080600000| Untracked 
|   7|0x0000000080700000, 0x0000000080800000, 0x0000000080800000|100%| O|  |TAMS 0x0000000080800000, 0x0000000080700000| Untracked 
|   8|0x0000000080800000, 0x0000000080900000, 0x0000000080900000|100%| O|  |TAMS 0x0000000080900000, 0x0000000080800000| Untracked 
|   9|0x0000000080900000, 0x0000000080a00000, 0x0000000080a00000|100%| O|  |TAMS 0x0000000080a00000, 0x0000000080900000| Untracked 
|  10|0x0000000080a00000, 0x0000000080b00000, 0x0000000080b00000|100%| O|  |TAMS 0x0000000080b00000, 0x0000000080a00000| Untracked 
|  11|0x0000000080b00000, 0x0000000080c00000, 0x0000000080c00000|100%| O|  |TAMS 0x0000000080c00000, 0x0000000080b00000| Untracked 
|  12|0x0000000080c00000, 0x0000000080d00000, 0x0000000080d00000|100%| O|  |TAMS 0x0000000080d00000, 0x0000000080c00000| Untracked 
|  13|0x0000000080d00000, 0x0000000080e00000, 0x0000000080e00000|100%| O|  |TAMS 0x0000000080e00000, 0x0000000080d00000| Untracked 
|  14|0x0000000080e00000, 0x0000000080f00000, 0x0000000080f00000|100%| O|  |TAMS 0x0000000080f00000, 0x0000000080e00000| Untracked 
|  15|0x0000000080f00000, 0x0000000081000000, 0x0000000081000000|100%| O|  |TAMS 0x0000000081000000, 0x0000000080f00000| Untracked 
|  16|0x0000000081000000, 0x0000000081100000, 0x0000000081100000|100%| O|  |TAMS 0x0000000081100000, 0x0000000081000000| Untracked 
|  17|0x0000000081100000, 0x0000000081200000, 0x0000000081200000|100%| O|  |TAMS 0x0000000081200000, 0x0000000081100000| Untracked 
|  18|0x0000000081200000, 0x0000000081300000, 0x0000000081300000|100%| O|  |TAMS 0x0000000081300000, 0x0000000081200000| Untracked 
|  19|0x0000000081300000, 0x0000000081400000, 0x0000000081400000|100%| O|  |TAMS 0x0000000081400000, 0x0000000081300000| Untracked 
|  20|0x0000000081400000, 0x0000000081500000, 0x0000000081500000|100%| O|  |TAMS 0x0000000081500000, 0x0000000081400000| Untracked 
|  21|0x0000000081500000, 0x0000000081600000, 0x0000000081600000|100%| O|  |TAMS 0x0000000081600000, 0x0000000081500000| Untracked 
|  22|0x0000000081600000, 0x0000000081700000, 0x0000000081700000|100%| O|  |TAMS 0x0000000081700000, 0x0000000081600000| Untracked 
|  23|0x0000000081700000, 0x0000000081800000, 0x0000000081800000|100%| O|  |TAMS 0x0000000081800000, 0x0000000081700000| Untracked 
|  24|0x0000000081800000, 0x0000000081900000, 0x0000000081900000|100%| O|  |TAMS 0x0000000081900000, 0x0000000081800000| Untracked 
|  25|0x0000000081900000, 0x0000000081a00000, 0x0000000081a00000|100%| O|  |TAMS 0x0000000081a00000, 0x0000000081900000| Untracked 
|  26|0x0000000081a00000, 0x0000000081b00000, 0x0000000081b00000|100%| O|  |TAMS 0x0000000081b00000, 0x0000000081a00000| Untracked 
|  27|0x0000000081b00000, 0x0000000081c00000, 0x0000000081c00000|100%|HS|  |TAMS 0x0000000081c00000, 0x0000000081b00000| Complete 
|  28|0x0000000081c00000, 0x0000000081d00000, 0x0000000081d00000|100%| O|  |TAMS 0x0000000081d00000, 0x0000000081c00000| Untracked 
|  29|0x0000000081d00000, 0x0000000081e00000, 0x0000000081e00000|100%| O|  |TAMS 0x0000000081e00000, 0x0000000081d00000| Untracked 
|  30|0x0000000081e00000, 0x0000000081f00000, 0x0000000081f00000|100%| O|  |TAMS 0x0000000081f00000, 0x0000000081e00000| Untracked 
|  31|0x0000000081f00000, 0x0000000082000000, 0x0000000082000000|100%| O|  |TAMS 0x0000000082000000, 0x0000000081f00000| Untracked 
|  32|0x0000000082000000, 0x0000000082100000, 0x0000000082100000|100%| O|  |TAMS 0x0000000082100000, 0x0000000082000000| Untracked 
|  33|0x0000000082100000, 0x0000000082200000, 0x0000000082200000|100%| O|  |TAMS 0x0000000082200000, 0x0000000082100000| Untracked 
|  34|0x0000000082200000, 0x0000000082300000, 0x0000000082300000|100%| O|  |TAMS 0x0000000082300000, 0x0000000082200000| Untracked 
|  35|0x0000000082300000, 0x0000000082400000, 0x0000000082400000|100%|HS|  |TAMS 0x0000000082400000, 0x0000000082300000| Complete 
|  36|0x0000000082400000, 0x0000000082500000, 0x0000000082500000|100%|HC|  |TAMS 0x0000000082500000, 0x0000000082400000| Complete 
|  37|0x0000000082500000, 0x0000000082600000, 0x0000000082600000|100%|HC|  |TAMS 0x0000000082600000, 0x0000000082500000| Complete 
|  38|0x0000000082600000, 0x0000000082700000, 0x0000000082700000|100%| O|  |TAMS 0x0000000082700000, 0x0000000082600000| Untracked 
|  39|0x0000000082700000, 0x0000000082800000, 0x0000000082800000|100%| O|  |TAMS 0x0000000082800000, 0x0000000082700000| Untracked 
|  40|0x0000000082800000, 0x0000000082900000, 0x0000000082900000|100%| O|  |TAMS 0x0000000082900000, 0x0000000082800000| Untracked 
|  41|0x0000000082900000, 0x0000000082a00000, 0x0000000082a00000|100%| O|  |TAMS 0x0000000082a00000, 0x0000000082900000| Untracked 
|  42|0x0000000082a00000, 0x0000000082b00000, 0x0000000082b00000|100%| O|  |TAMS 0x0000000082b00000, 0x0000000082a00000| Untracked 
|  43|0x0000000082b00000, 0x0000000082c00000, 0x0000000082c00000|100%| O|  |TAMS 0x0000000082c00000, 0x0000000082b00000| Untracked 
|  44|0x0000000082c00000, 0x0000000082d00000, 0x0000000082d00000|100%| O|  |TAMS 0x0000000082d00000, 0x0000000082c00000| Untracked 
|  45|0x0000000082d00000, 0x0000000082e00000, 0x0000000082e00000|100%| O|  |TAMS 0x0000000082e00000, 0x0000000082d00000| Untracked 
|  46|0x0000000082e00000, 0x0000000082f00000, 0x0000000082f00000|100%| O|  |TAMS 0x0000000082f00000, 0x0000000082e00000| Untracked 
|  47|0x0000000082f00000, 0x0000000083000000, 0x0000000083000000|100%| O|  |TAMS 0x0000000083000000, 0x0000000082f00000| Complete 
|  48|0x0000000083000000, 0x0000000083100000, 0x0000000083100000|100%| O|  |TAMS 0x0000000083100000, 0x0000000083000000| Untracked 
|  49|0x0000000083100000, 0x0000000083200000, 0x0000000083200000|100%| O|  |TAMS 0x0000000083200000, 0x0000000083100000| Untracked 
|  50|0x0000000083200000, 0x000000008323b600, 0x0000000083300000| 23%| O|  |TAMS 0x0000000083200000, 0x0000000083200000| Untracked 
|  51|0x0000000083300000, 0x0000000083400000, 0x0000000083400000|100%| O|  |TAMS 0x0000000083400000, 0x0000000083300000| Untracked 
|  52|0x0000000083400000, 0x0000000083500000, 0x0000000083500000|100%| O|  |TAMS 0x0000000083500000, 0x0000000083400000| Untracked 
|  53|0x0000000083500000, 0x0000000083600000, 0x0000000083600000|100%| O|  |TAMS 0x0000000083600000, 0x0000000083500000| Untracked 
|  54|0x0000000083600000, 0x0000000083700000, 0x0000000083700000|100%| O|  |TAMS 0x0000000083700000, 0x0000000083600000| Untracked 
|  55|0x0000000083700000, 0x0000000083800000, 0x0000000083800000|100%| O|  |TAMS 0x0000000083800000, 0x0000000083700000| Untracked 
|  56|0x0000000083800000, 0x0000000083900000, 0x0000000083900000|100%|HS|  |TAMS 0x0000000083900000, 0x0000000083800000| Complete 
|  57|0x0000000083900000, 0x0000000083a00000, 0x0000000083a00000|100%|HS|  |TAMS 0x0000000083a00000, 0x0000000083900000| Complete 
|  58|0x0000000083a00000, 0x0000000083b00000, 0x0000000083b00000|100%|HS|  |TAMS 0x0000000083b00000, 0x0000000083a00000| Complete 
|  59|0x0000000083b00000, 0x0000000083c00000, 0x0000000083c00000|100%|HC|  |TAMS 0x0000000083c00000, 0x0000000083b00000| Complete 
|  60|0x0000000083c00000, 0x0000000083d00000, 0x0000000083d00000|100%| O|  |TAMS 0x0000000083d00000, 0x0000000083c00000| Untracked 
|  61|0x0000000083d00000, 0x0000000083e00000, 0x0000000083e00000|100%| O|  |TAMS 0x0000000083e00000, 0x0000000083d00000| Untracked 
|  62|0x0000000083e00000, 0x0000000083f00000, 0x0000000083f00000|100%| O|  |TAMS 0x0000000083f00000, 0x0000000083e00000| Untracked 
|  63|0x0000000083f00000, 0x0000000084000000, 0x0000000084000000|100%| O|  |TAMS 0x0000000084000000, 0x0000000083f00000| Untracked 
|  64|0x0000000084000000, 0x0000000084100000, 0x0000000084100000|100%| O|  |TAMS 0x0000000084100000, 0x0000000084000000| Untracked 
|  65|0x0000000084100000, 0x0000000084200000, 0x0000000084200000|100%| O|  |TAMS 0x0000000084200000, 0x0000000084100000| Untracked 
|  66|0x0000000084200000, 0x0000000084300000, 0x0000000084300000|100%| O|  |TAMS 0x0000000084300000, 0x0000000084200000| Untracked 
|  67|0x0000000084300000, 0x0000000084400000, 0x0000000084400000|100%| O|  |TAMS 0x0000000084400000, 0x0000000084300000| Untracked 
|  68|0x0000000084400000, 0x0000000084500000, 0x0000000084500000|100%| O|  |TAMS 0x0000000084500000, 0x0000000084400000| Untracked 
|  69|0x0000000084500000, 0x0000000084600000, 0x0000000084600000|100%| O|  |TAMS 0x0000000084600000, 0x0000000084500000| Untracked 
|  70|0x0000000084600000, 0x0000000084700000, 0x0000000084700000|100%| O|  |TAMS 0x0000000084700000, 0x0000000084600000| Untracked 
|  71|0x0000000084700000, 0x0000000084800000, 0x0000000084800000|100%| O|  |TAMS 0x0000000084800000, 0x0000000084700000| Untracked 
|  72|0x0000000084800000, 0x0000000084900000, 0x0000000084900000|100%| O|  |TAMS 0x0000000084892800, 0x0000000084800000| Untracked 
|  73|0x0000000084900000, 0x0000000084900000, 0x0000000084a00000|  0%| F|  |TAMS 0x0000000084900000, 0x0000000084900000| Untracked 
|  74|0x0000000084a00000, 0x0000000084a00000, 0x0000000084b00000|  0%| F|  |TAMS 0x0000000084a00000, 0x0000000084a00000| Untracked 
|  75|0x0000000084b00000, 0x0000000084b00000, 0x0000000084c00000|  0%| F|  |TAMS 0x0000000084b00000, 0x0000000084b00000| Untracked 
|  76|0x0000000084c00000, 0x0000000084c00000, 0x0000000084d00000|  0%| F|  |TAMS 0x0000000084c00000, 0x0000000084c00000| Untracked 
|  77|0x0000000084d00000, 0x0000000084d00000, 0x0000000084e00000|  0%| F|  |TAMS 0x0000000084d00000, 0x0000000084d00000| Untracked 
|  78|0x0000000084e00000, 0x0000000084e00000, 0x0000000084f00000|  0%| F|  |TAMS 0x0000000084e00000, 0x0000000084e00000| Untracked 
|  79|0x0000000084f00000, 0x0000000084f00000, 0x0000000085000000|  0%| F|  |TAMS 0x0000000084f00000, 0x0000000084f00000| Untracked 
|  80|0x0000000085000000, 0x0000000085000000, 0x0000000085100000|  0%| F|  |TAMS 0x0000000085000000, 0x0000000085000000| Untracked 
|  81|0x0000000085100000, 0x0000000085100000, 0x0000000085200000|  0%| F|  |TAMS 0x0000000085100000, 0x0000000085100000| Untracked 
|  82|0x0000000085200000, 0x0000000085200000, 0x0000000085300000|  0%| F|  |TAMS 0x0000000085200000, 0x0000000085200000| Untracked 
|  83|0x0000000085300000, 0x0000000085300000, 0x0000000085400000|  0%| F|  |TAMS 0x0000000085300000, 0x0000000085300000| Untracked 
|  84|0x0000000085400000, 0x0000000085400000, 0x0000000085500000|  0%| F|  |TAMS 0x0000000085400000, 0x0000000085400000| Untracked 
|  85|0x0000000085500000, 0x0000000085500000, 0x0000000085600000|  0%| F|  |TAMS 0x0000000085500000, 0x0000000085500000| Untracked 
|  86|0x0000000085600000, 0x0000000085600000, 0x0000000085700000|  0%| F|  |TAMS 0x0000000085600000, 0x0000000085600000| Untracked 
|  87|0x0000000085700000, 0x0000000085700000, 0x0000000085800000|  0%| F|  |TAMS 0x0000000085700000, 0x0000000085700000| Untracked 
|  88|0x0000000085800000, 0x0000000085800000, 0x0000000085900000|  0%| F|  |TAMS 0x0000000085800000, 0x0000000085800000| Untracked 
|  89|0x0000000085900000, 0x0000000085900000, 0x0000000085a00000|  0%| F|  |TAMS 0x0000000085900000, 0x0000000085900000| Untracked 
|  90|0x0000000085a00000, 0x0000000085a00000, 0x0000000085b00000|  0%| F|  |TAMS 0x0000000085a00000, 0x0000000085a00000| Untracked 
|  91|0x0000000085b00000, 0x0000000085b00000, 0x0000000085c00000|  0%| F|  |TAMS 0x0000000085b00000, 0x0000000085b00000| Untracked 
|  92|0x0000000085c00000, 0x0000000085c00000, 0x0000000085d00000|  0%| F|  |TAMS 0x0000000085c00000, 0x0000000085c00000| Untracked 
|  93|0x0000000085d00000, 0x0000000085e00000, 0x0000000085e00000|100%| S|CS|TAMS 0x0000000085d00000, 0x0000000085d00000| Complete 
|  94|0x0000000085e00000, 0x0000000085f00000, 0x0000000085f00000|100%| S|CS|TAMS 0x0000000085e00000, 0x0000000085e00000| Complete 
|  95|0x0000000085f00000, 0x0000000086000000, 0x0000000086000000|100%| S|CS|TAMS 0x0000000085f00000, 0x0000000085f00000| Complete 
|  96|0x0000000086000000, 0x0000000086100000, 0x0000000086100000|100%| S|CS|TAMS 0x0000000086000000, 0x0000000086000000| Complete 
|  97|0x0000000086100000, 0x0000000086100000, 0x0000000086200000|  0%| F|  |TAMS 0x0000000086100000, 0x0000000086100000| Untracked 
|  98|0x0000000086200000, 0x0000000086200000, 0x0000000086300000|  0%| F|  |TAMS 0x0000000086200000, 0x0000000086200000| Untracked 
|  99|0x0000000086300000, 0x0000000086300000, 0x0000000086400000|  0%| F|  |TAMS 0x0000000086300000, 0x0000000086300000| Untracked 
| 100|0x0000000086400000, 0x0000000086400000, 0x0000000086500000|  0%| F|  |TAMS 0x0000000086400000, 0x0000000086400000| Untracked 
| 101|0x0000000086500000, 0x0000000086500000, 0x0000000086600000|  0%| F|  |TAMS 0x0000000086500000, 0x0000000086500000| Untracked 
| 102|0x0000000086600000, 0x0000000086600000, 0x0000000086700000|  0%| F|  |TAMS 0x0000000086600000, 0x0000000086600000| Untracked 
| 103|0x0000000086700000, 0x0000000086700000, 0x0000000086800000|  0%| F|  |TAMS 0x0000000086700000, 0x0000000086700000| Untracked 
| 104|0x0000000086800000, 0x0000000086800000, 0x0000000086900000|  0%| F|  |TAMS 0x0000000086800000, 0x0000000086800000| Untracked 
| 105|0x0000000086900000, 0x0000000086900000, 0x0000000086a00000|  0%| F|  |TAMS 0x0000000086900000, 0x0000000086900000| Untracked 
| 106|0x0000000086a00000, 0x0000000086a00000, 0x0000000086b00000|  0%| F|  |TAMS 0x0000000086a00000, 0x0000000086a00000| Untracked 
| 107|0x0000000086b00000, 0x0000000086b00000, 0x0000000086c00000|  0%| F|  |TAMS 0x0000000086b00000, 0x0000000086b00000| Untracked 
| 108|0x0000000086c00000, 0x0000000086c00000, 0x0000000086d00000|  0%| F|  |TAMS 0x0000000086c00000, 0x0000000086c00000| Untracked 
| 109|0x0000000086d00000, 0x0000000086d00000, 0x0000000086e00000|  0%| F|  |TAMS 0x0000000086d00000, 0x0000000086d00000| Untracked 
| 110|0x0000000086e00000, 0x0000000086e00000, 0x0000000086f00000|  0%| F|  |TAMS 0x0000000086e00000, 0x0000000086e00000| Untracked 
| 111|0x0000000086f00000, 0x0000000086f00000, 0x0000000087000000|  0%| F|  |TAMS 0x0000000086f00000, 0x0000000086f00000| Untracked 
| 112|0x0000000087000000, 0x0000000087000000, 0x0000000087100000|  0%| F|  |TAMS 0x0000000087000000, 0x0000000087000000| Untracked 
| 113|0x0000000087100000, 0x0000000087100000, 0x0000000087200000|  0%| F|  |TAMS 0x0000000087100000, 0x0000000087100000| Untracked 
| 114|0x0000000087200000, 0x0000000087200000, 0x0000000087300000|  0%| F|  |TAMS 0x0000000087200000, 0x0000000087200000| Untracked 
| 115|0x0000000087300000, 0x0000000087300000, 0x0000000087400000|  0%| F|  |TAMS 0x0000000087300000, 0x0000000087300000| Untracked 
| 116|0x0000000087400000, 0x0000000087400000, 0x0000000087500000|  0%| F|  |TAMS 0x0000000087400000, 0x0000000087400000| Untracked 
| 117|0x0000000087500000, 0x0000000087500000, 0x0000000087600000|  0%| F|  |TAMS 0x0000000087500000, 0x0000000087500000| Untracked 
| 118|0x0000000087600000, 0x0000000087600000, 0x0000000087700000|  0%| F|  |TAMS 0x0000000087600000, 0x0000000087600000| Untracked 
| 119|0x0000000087700000, 0x0000000087700000, 0x0000000087800000|  0%| F|  |TAMS 0x0000000087700000, 0x0000000087700000| Untracked 
| 120|0x0000000087800000, 0x0000000087800000, 0x0000000087900000|  0%| F|  |TAMS 0x0000000087800000, 0x0000000087800000| Untracked 
| 121|0x0000000087900000, 0x0000000087900000, 0x0000000087a00000|  0%| F|  |TAMS 0x0000000087900000, 0x0000000087900000| Untracked 
| 122|0x0000000087a00000, 0x0000000087a00000, 0x0000000087b00000|  0%| F|  |TAMS 0x0000000087a00000, 0x0000000087a00000| Untracked 
| 123|0x0000000087b00000, 0x0000000087b00000, 0x0000000087c00000|  0%| F|  |TAMS 0x0000000087b00000, 0x0000000087b00000| Untracked 
| 124|0x0000000087c00000, 0x0000000087c00000, 0x0000000087d00000|  0%| F|  |TAMS 0x0000000087c00000, 0x0000000087c00000| Untracked 
| 125|0x0000000087d00000, 0x0000000087d00000, 0x0000000087e00000|  0%| F|  |TAMS 0x0000000087d00000, 0x0000000087d00000| Untracked 
| 126|0x0000000087e00000, 0x0000000087e00000, 0x0000000087f00000|  0%| F|  |TAMS 0x0000000087e00000, 0x0000000087e00000| Untracked 
| 127|0x0000000087f00000, 0x0000000087f00000, 0x0000000088000000|  0%| F|  |TAMS 0x0000000087f00000, 0x0000000087f00000| Untracked 
| 128|0x0000000088000000, 0x0000000088000000, 0x0000000088100000|  0%| F|  |TAMS 0x0000000088000000, 0x0000000088000000| Untracked 
| 129|0x0000000088100000, 0x0000000088100000, 0x0000000088200000|  0%| F|  |TAMS 0x0000000088100000, 0x0000000088100000| Untracked 
| 130|0x0000000088200000, 0x0000000088200000, 0x0000000088300000|  0%| F|  |TAMS 0x0000000088200000, 0x0000000088200000| Untracked 
| 131|0x0000000088300000, 0x0000000088300000, 0x0000000088400000|  0%| F|  |TAMS 0x0000000088300000, 0x0000000088300000| Untracked 
| 132|0x0000000088400000, 0x0000000088400000, 0x0000000088500000|  0%| F|  |TAMS 0x0000000088400000, 0x0000000088400000| Untracked 
| 133|0x0000000088500000, 0x0000000088500000, 0x0000000088600000|  0%| F|  |TAMS 0x0000000088500000, 0x0000000088500000| Untracked 
| 134|0x0000000088600000, 0x0000000088600000, 0x0000000088700000|  0%| F|  |TAMS 0x0000000088600000, 0x0000000088600000| Untracked 
| 135|0x0000000088700000, 0x0000000088700000, 0x0000000088800000|  0%| F|  |TAMS 0x0000000088700000, 0x0000000088700000| Untracked 
| 136|0x0000000088800000, 0x0000000088800000, 0x0000000088900000|  0%| F|  |TAMS 0x0000000088800000, 0x0000000088800000| Untracked 
| 137|0x0000000088900000, 0x0000000088900000, 0x0000000088a00000|  0%| F|  |TAMS 0x0000000088900000, 0x0000000088900000| Untracked 
| 138|0x0000000088a00000, 0x0000000088a00000, 0x0000000088b00000|  0%| F|  |TAMS 0x0000000088a00000, 0x0000000088a00000| Untracked 
| 139|0x0000000088b00000, 0x0000000088b00000, 0x0000000088c00000|  0%| F|  |TAMS 0x0000000088b00000, 0x0000000088b00000| Untracked 
| 140|0x0000000088c00000, 0x0000000088c00000, 0x0000000088d00000|  0%| F|  |TAMS 0x0000000088c00000, 0x0000000088c00000| Untracked 
| 141|0x0000000088d00000, 0x0000000088d00000, 0x0000000088e00000|  0%| F|  |TAMS 0x0000000088d00000, 0x0000000088d00000| Untracked 
| 142|0x0000000088e00000, 0x0000000088e00000, 0x0000000088f00000|  0%| F|  |TAMS 0x0000000088e00000, 0x0000000088e00000| Untracked 
| 143|0x0000000088f00000, 0x0000000088f00000, 0x0000000089000000|  0%| F|  |TAMS 0x0000000088f00000, 0x0000000088f00000| Untracked 
| 144|0x0000000089000000, 0x0000000089000000, 0x0000000089100000|  0%| F|  |TAMS 0x0000000089000000, 0x0000000089000000| Untracked 
| 145|0x0000000089100000, 0x0000000089100000, 0x0000000089200000|  0%| F|  |TAMS 0x0000000089100000, 0x0000000089100000| Untracked 
| 146|0x0000000089200000, 0x0000000089200000, 0x0000000089300000|  0%| F|  |TAMS 0x0000000089200000, 0x0000000089200000| Untracked 
| 147|0x0000000089300000, 0x0000000089300000, 0x0000000089400000|  0%| F|  |TAMS 0x0000000089300000, 0x0000000089300000| Untracked 
| 148|0x0000000089400000, 0x0000000089400000, 0x0000000089500000|  0%| F|  |TAMS 0x0000000089400000, 0x0000000089400000| Untracked 
| 149|0x0000000089500000, 0x0000000089500000, 0x0000000089600000|  0%| F|  |TAMS 0x0000000089500000, 0x0000000089500000| Untracked 
| 150|0x0000000089600000, 0x0000000089600000, 0x0000000089700000|  0%| F|  |TAMS 0x0000000089600000, 0x0000000089600000| Untracked 
| 151|0x0000000089700000, 0x0000000089700000, 0x0000000089800000|  0%| F|  |TAMS 0x0000000089700000, 0x0000000089700000| Untracked 
| 152|0x0000000089800000, 0x0000000089800000, 0x0000000089900000|  0%| F|  |TAMS 0x0000000089800000, 0x0000000089800000| Untracked 
| 153|0x0000000089900000, 0x0000000089900000, 0x0000000089a00000|  0%| F|  |TAMS 0x0000000089900000, 0x0000000089900000| Untracked 
| 154|0x0000000089a00000, 0x0000000089a00000, 0x0000000089b00000|  0%| F|  |TAMS 0x0000000089a00000, 0x0000000089a00000| Untracked 
| 155|0x0000000089b00000, 0x0000000089b00000, 0x0000000089c00000|  0%| F|  |TAMS 0x0000000089b00000, 0x0000000089b00000| Untracked 
| 156|0x0000000089c00000, 0x0000000089c00000, 0x0000000089d00000|  0%| F|  |TAMS 0x0000000089c00000, 0x0000000089c00000| Untracked 
| 157|0x0000000089d00000, 0x0000000089d00000, 0x0000000089e00000|  0%| F|  |TAMS 0x0000000089d00000, 0x0000000089d00000| Untracked 
| 158|0x0000000089e00000, 0x0000000089f00000, 0x0000000089f00000|100%| E|  |TAMS 0x0000000089e00000, 0x0000000089e00000| Complete 
| 159|0x0000000089f00000, 0x000000008a000000, 0x000000008a000000|100%| E|CS|TAMS 0x0000000089f00000, 0x0000000089f00000| Complete 
| 160|0x000000008a000000, 0x000000008a100000, 0x000000008a100000|100%| E|CS|TAMS 0x000000008a000000, 0x000000008a000000| Complete 
| 161|0x000000008a100000, 0x000000008a200000, 0x000000008a200000|100%| E|CS|TAMS 0x000000008a100000, 0x000000008a100000| Complete 
| 162|0x000000008a200000, 0x000000008a300000, 0x000000008a300000|100%| E|CS|TAMS 0x000000008a200000, 0x000000008a200000| Complete 
| 163|0x000000008a300000, 0x000000008a400000, 0x000000008a400000|100%| E|CS|TAMS 0x000000008a300000, 0x000000008a300000| Complete 
| 164|0x000000008a400000, 0x000000008a500000, 0x000000008a500000|100%| E|CS|TAMS 0x000000008a400000, 0x000000008a400000| Complete 
| 165|0x000000008a500000, 0x000000008a600000, 0x000000008a600000|100%| E|CS|TAMS 0x000000008a500000, 0x000000008a500000| Complete 
| 166|0x000000008a600000, 0x000000008a700000, 0x000000008a700000|100%| E|CS|TAMS 0x000000008a600000, 0x000000008a600000| Complete 
| 167|0x000000008a700000, 0x000000008a800000, 0x000000008a800000|100%| E|CS|TAMS 0x000000008a700000, 0x000000008a700000| Complete 
| 168|0x000000008a800000, 0x000000008a900000, 0x000000008a900000|100%| E|CS|TAMS 0x000000008a800000, 0x000000008a800000| Complete 
| 169|0x000000008a900000, 0x000000008aa00000, 0x000000008aa00000|100%| E|CS|TAMS 0x000000008a900000, 0x000000008a900000| Complete 
| 170|0x000000008aa00000, 0x000000008ab00000, 0x000000008ab00000|100%| E|CS|TAMS 0x000000008aa00000, 0x000000008aa00000| Complete 
| 171|0x000000008ab00000, 0x000000008ac00000, 0x000000008ac00000|100%| E|CS|TAMS 0x000000008ab00000, 0x000000008ab00000| Complete 
| 172|0x000000008ac00000, 0x000000008ad00000, 0x000000008ad00000|100%| E|CS|TAMS 0x000000008ac00000, 0x000000008ac00000| Complete 
| 173|0x000000008ad00000, 0x000000008ae00000, 0x000000008ae00000|100%| E|CS|TAMS 0x000000008ad00000, 0x000000008ad00000| Complete 
| 174|0x000000008ae00000, 0x000000008af00000, 0x000000008af00000|100%| E|CS|TAMS 0x000000008ae00000, 0x000000008ae00000| Complete 
| 175|0x000000008af00000, 0x000000008b000000, 0x000000008b000000|100%| E|CS|TAMS 0x000000008af00000, 0x000000008af00000| Complete 
| 176|0x000000008b000000, 0x000000008b100000, 0x000000008b100000|100%| E|CS|TAMS 0x000000008b000000, 0x000000008b000000| Complete 
| 177|0x000000008b100000, 0x000000008b200000, 0x000000008b200000|100%| E|CS|TAMS 0x000000008b100000, 0x000000008b100000| Complete 
| 178|0x000000008b200000, 0x000000008b300000, 0x000000008b300000|100%| E|CS|TAMS 0x000000008b200000, 0x000000008b200000| Complete 
| 179|0x000000008b300000, 0x000000008b400000, 0x000000008b400000|100%| E|CS|TAMS 0x000000008b300000, 0x000000008b300000| Complete 
| 180|0x000000008b400000, 0x000000008b500000, 0x000000008b500000|100%| E|CS|TAMS 0x000000008b400000, 0x000000008b400000| Complete 
| 181|0x000000008b500000, 0x000000008b600000, 0x000000008b600000|100%| E|CS|TAMS 0x000000008b500000, 0x000000008b500000| Complete 
| 182|0x000000008b600000, 0x000000008b700000, 0x000000008b700000|100%| E|CS|TAMS 0x000000008b600000, 0x000000008b600000| Complete 
| 183|0x000000008b700000, 0x000000008b800000, 0x000000008b800000|100%| E|CS|TAMS 0x000000008b700000, 0x000000008b700000| Complete 
| 184|0x000000008b800000, 0x000000008b900000, 0x000000008b900000|100%| E|CS|TAMS 0x000000008b800000, 0x000000008b800000| Complete 
| 185|0x000000008b900000, 0x000000008ba00000, 0x000000008ba00000|100%| E|CS|TAMS 0x000000008b900000, 0x000000008b900000| Complete 
| 186|0x000000008ba00000, 0x000000008bb00000, 0x000000008bb00000|100%| E|CS|TAMS 0x000000008ba00000, 0x000000008ba00000| Complete 
| 187|0x000000008bb00000, 0x000000008bc00000, 0x000000008bc00000|100%| E|CS|TAMS 0x000000008bb00000, 0x000000008bb00000| Complete 
| 188|0x000000008bc00000, 0x000000008bd00000, 0x000000008bd00000|100%| E|CS|TAMS 0x000000008bc00000, 0x000000008bc00000| Complete 
| 189|0x000000008bd00000, 0x000000008be00000, 0x000000008be00000|100%| E|CS|TAMS 0x000000008bd00000, 0x000000008bd00000| Complete 
| 190|0x000000008be00000, 0x000000008bf00000, 0x000000008bf00000|100%| E|CS|TAMS 0x000000008be00000, 0x000000008be00000| Complete 
| 191|0x000000008bf00000, 0x000000008c000000, 0x000000008c000000|100%| E|CS|TAMS 0x000000008bf00000, 0x000000008bf00000| Complete 
| 192|0x000000008c000000, 0x000000008c100000, 0x000000008c100000|100%| E|CS|TAMS 0x000000008c000000, 0x000000008c000000| Complete 
| 193|0x000000008c100000, 0x000000008c200000, 0x000000008c200000|100%| E|CS|TAMS 0x000000008c100000, 0x000000008c100000| Complete 
| 194|0x000000008c200000, 0x000000008c300000, 0x000000008c300000|100%| E|CS|TAMS 0x000000008c200000, 0x000000008c200000| Complete 
| 195|0x000000008c300000, 0x000000008c400000, 0x000000008c400000|100%| E|CS|TAMS 0x000000008c300000, 0x000000008c300000| Complete 
| 196|0x000000008c400000, 0x000000008c500000, 0x000000008c500000|100%| E|CS|TAMS 0x000000008c400000, 0x000000008c400000| Complete 
| 197|0x000000008c500000, 0x000000008c600000, 0x000000008c600000|100%| E|CS|TAMS 0x000000008c500000, 0x000000008c500000| Complete 
| 198|0x000000008c600000, 0x000000008c700000, 0x000000008c700000|100%| E|CS|TAMS 0x000000008c600000, 0x000000008c600000| Complete 
| 199|0x000000008c700000, 0x000000008c800000, 0x000000008c800000|100%| E|CS|TAMS 0x000000008c700000, 0x000000008c700000| Complete 
| 200|0x000000008c800000, 0x000000008c900000, 0x000000008c900000|100%| E|CS|TAMS 0x000000008c800000, 0x000000008c800000| Complete 
| 201|0x000000008c900000, 0x000000008ca00000, 0x000000008ca00000|100%| E|CS|TAMS 0x000000008c900000, 0x000000008c900000| Complete 
| 202|0x000000008ca00000, 0x000000008cb00000, 0x000000008cb00000|100%| E|CS|TAMS 0x000000008ca00000, 0x000000008ca00000| Complete 
| 203|0x000000008cb00000, 0x000000008cc00000, 0x000000008cc00000|100%| E|CS|TAMS 0x000000008cb00000, 0x000000008cb00000| Complete 

Card table byte_map: [0x000001da18b30000,0x000001da18f30000] _byte_map_base: 0x000001da18730000

Marking Bits (Prev, Next): (CMBitMap*) 0x000001da01cb0b40, (CMBitMap*) 0x000001da01cb0b80
 Prev Bits: [0x000001da19330000, 0x000001da1b330000)
 Next Bits: [0x000001da1b330000, 0x000001da1d330000)

Polling page: 0x000001da01410000

Metaspace:

Usage:
  Non-class:     63.67 MB used.
      Class:     10.17 MB used.
       Both:     73.84 MB used.

Virtual space:
  Non-class space:       72.00 MB reserved,      64.06 MB ( 89%) committed,  9 nodes.
      Class space:      412.00 MB reserved,      10.44 MB (  3%) committed,  1 nodes.
             Both:      484.00 MB reserved,      74.50 MB ( 15%) committed. 

Chunk freelists:
   Non-Class:  3.73 MB
       Class:  1.39 MB
        Both:  5.12 MB

MaxMetaspaceSize: 512.00 MB
CompressedClassSpaceSize: 412.00 MB
Initial GC threshold: 21.00 MB
Current GC threshold: 116.25 MB
CDS: on
MetaspaceReclaimPolicy: balanced
 - commit_granule_bytes: 65536.
 - commit_granule_words: 8192.
 - virtual_space_node_default_size: 1048576.
 - enlarge_chunks_in_place: 1.
 - new_chunks_are_fully_committed: 0.
 - uncommit_free_chunks: 1.
 - use_allocation_guard: 0.
 - handle_deallocations: 1.


Internal statistics:

num_allocs_failed_limit: 6.
num_arena_births: 786.
num_arena_deaths: 0.
num_vsnodes_births: 10.
num_vsnodes_deaths: 0.
num_space_committed: 1192.
num_space_uncommitted: 0.
num_chunks_returned_to_freelist: 6.
num_chunks_taken_from_freelist: 3778.
num_chunk_merges: 6.
num_chunk_splits: 2564.
num_chunks_enlarged: 1795.
num_purges: 0.
num_inconsistent_stats: 0.

CodeHeap 'non-profiled nmethods': size=120000Kb used=5409Kb max_used=5409Kb free=114590Kb
 bounds [0x000001da11200000, 0x000001da11750000, 0x000001da18730000]
CodeHeap 'profiled nmethods': size=120000Kb used=18147Kb max_used=18147Kb free=101852Kb
 bounds [0x000001da09730000, 0x000001da0a8f0000, 0x000001da10c60000]
CodeHeap 'non-nmethods': size=5760Kb used=2397Kb max_used=2458Kb free=3362Kb
 bounds [0x000001da10c60000, 0x000001da10ee0000, 0x000001da11200000]
 total_blobs=9691 nmethods=8773 adapters=830
 compilation: enabled
              stopped_count=0, restarted_count=0
 full_count=0

Compilation events (20 events):
Event: 116.817 Thread 0x000001da1f7f4c20 nmethod 9583 0x000001da11746a90 code [0x000001da11746c20, 0x000001da11746e98]
Event: 116.820 Thread 0x000001da1f7f96e0 9588       3       com.google.common.reflect.TypeToken$4::visitClass (10 bytes)
Event: 116.821 Thread 0x000001da1f7f96e0 nmethod 9588 0x000001da0a8e4490 code [0x000001da0a8e4640, 0x000001da0a8e4808]
Event: 116.821 Thread 0x000001da1f7f96e0 9589       3       java.util.HashMap$EntrySet::size (8 bytes)
Event: 116.821 Thread 0x000001da1f7f96e0 nmethod 9589 0x000001da0a8e4910 code [0x000001da0a8e4aa0, 0x000001da0a8e4bb8]
Event: 116.822 Thread 0x000001da1f7f4c20 9590       4       org.gradle.cache.internal.DefaultCrossBuildInMemoryCacheFactory$AbstractCrossBuildInMemoryCache::getIfPresentWithoutLock (43 bytes)
Event: 116.831 Thread 0x000001da1f7f4c20 nmethod 9590 0x000001da11747110 code [0x000001da11747320, 0x000001da11747930]
Event: 116.831 Thread 0x000001da1f7f4c20 9591       4       java.security.SecureClassLoader$CodeSourceKey::hashCode (21 bytes)
Event: 116.837 Thread 0x000001da1f7f4c20 nmethod 9591 0x000001da11747f10 code [0x000001da117480a0, 0x000001da117482e8]
Event: 116.840 Thread 0x000001da1f7f4c20 9592       4       org.gradle.internal.reflect.ClassInspector::inspectClass (179 bytes)
Event: 116.845 Thread 0x000001da1f7f96e0 9593       3       org.gradle.internal.instantiation.generator.AsmBackedClassGenerator$ClassInspectionVisitorImpl::markPropertyAsIneligibleForConventionMapping (12 bytes)
Event: 116.846 Thread 0x000001da1f7f96e0 nmethod 9593 0x000001da0a8e4c90 code [0x000001da0a8e4e40, 0x000001da0a8e5008]
Event: 116.897 Thread 0x000001da1f7f96e0 9595       3       java.util.Arrays::sort (32 bytes)
Event: 116.898 Thread 0x000001da1f7f96e0 nmethod 9595 0x000001da0a8e5110 code [0x000001da0a8e52c0, 0x000001da0a8e5458]
Event: 116.926 Thread 0x000001da1f7f96e0 9600       3       java.lang.Integer::toHexString (6 bytes)
Event: 116.926 Thread 0x000001da1f7f96e0 nmethod 9600 0x000001da0a8e5590 code [0x000001da0a8e5720, 0x000001da0a8e5848]
Event: 116.926 Thread 0x000001da1f7f96e0 9601       3       java.lang.Integer::toUnsignedString0 (76 bytes)
Event: 116.927 Thread 0x000001da1f7f96e0 nmethod 9601 0x000001da0a8e5910 code [0x000001da0a8e5ae0, 0x000001da0a8e5f58]
Event: 116.928 Thread 0x000001da1f7f96e0 9602       3       org.gradle.internal.instantiation.generator.DefaultInstantiationScheme::<init> (59 bytes)
Event: 116.928 Thread 0x000001da1f7f96e0 nmethod 9602 0x000001da0a8e6110 code [0x000001da0a8e6300, 0x000001da0a8e6af8]

GC Heap History (20 events):
Event: 70.125 GC heap before
{Heap before GC invocations=26 (full 0):
 garbage-first heap   total 94208K, used 73185K [0x0000000080000000, 0x0000000100000000)
  region size 1024K, 21 young (21504K), 3 survivors (3072K)
 Metaspace       used 59348K, committed 59968K, reserved 479232K
  class space    used 8196K, committed 8448K, reserved 421888K
}
Event: 70.131 GC heap after
{Heap after GC invocations=27 (full 0):
 garbage-first heap   total 94208K, used 57608K [0x0000000080000000, 0x0000000100000000)
  region size 1024K, 1 young (1024K), 1 survivors (1024K)
 Metaspace       used 59348K, committed 59968K, reserved 479232K
  class space    used 8196K, committed 8448K, reserved 421888K
}
Event: 71.056 GC heap before
{Heap before GC invocations=28 (full 0):
 garbage-first heap   total 101376K, used 80136K [0x0000000080000000, 0x0000000100000000)
  region size 1024K, 20 young (20480K), 1 survivors (1024K)
 Metaspace       used 60593K, committed 61184K, reserved 479232K
  class space    used 8357K, committed 8640K, reserved 421888K
}
Event: 71.063 GC heap after
{Heap after GC invocations=29 (full 0):
 garbage-first heap   total 101376K, used 67512K [0x0000000080000000, 0x0000000100000000)
  region size 1024K, 3 young (3072K), 3 survivors (3072K)
 Metaspace       used 60593K, committed 61184K, reserved 479232K
  class space    used 8357K, committed 8640K, reserved 421888K
}
Event: 71.091 GC heap before
{Heap before GC invocations=29 (full 0):
 garbage-first heap   total 101376K, used 67512K [0x0000000080000000, 0x0000000100000000)
  region size 1024K, 4 young (4096K), 3 survivors (3072K)
 Metaspace       used 60736K, committed 61312K, reserved 479232K
  class space    used 8379K, committed 8640K, reserved 421888K
}
Event: 71.095 GC heap after
{Heap after GC invocations=30 (full 0):
 garbage-first heap   total 101376K, used 68030K [0x0000000080000000, 0x0000000100000000)
  region size 1024K, 1 young (1024K), 1 survivors (1024K)
 Metaspace       used 60736K, committed 61312K, reserved 479232K
  class space    used 8379K, committed 8640K, reserved 421888K
}
Event: 71.788 GC heap before
{Heap before GC invocations=30 (full 0):
 garbage-first heap   total 101376K, used 82366K [0x0000000080000000, 0x0000000100000000)
  region size 1024K, 15 young (15360K), 1 survivors (1024K)
 Metaspace       used 63008K, committed 63616K, reserved 479232K
  class space    used 8664K, committed 8960K, reserved 421888K
}
Event: 71.791 GC heap after
{Heap after GC invocations=31 (full 0):
 garbage-first heap   total 101376K, used 68497K [0x0000000080000000, 0x0000000100000000)
  region size 1024K, 1 young (1024K), 1 survivors (1024K)
 Metaspace       used 63008K, committed 63616K, reserved 479232K
  class space    used 8664K, committed 8960K, reserved 421888K
}
Event: 72.459 GC heap before
{Heap before GC invocations=32 (full 0):
 garbage-first heap   total 119808K, used 83857K [0x0000000080000000, 0x0000000100000000)
  region size 1024K, 16 young (16384K), 1 survivors (1024K)
 Metaspace       used 65496K, committed 66112K, reserved 479232K
  class space    used 8954K, committed 9216K, reserved 421888K
}
Event: 72.462 GC heap after
{Heap after GC invocations=33 (full 0):
 garbage-first heap   total 119808K, used 69045K [0x0000000080000000, 0x0000000100000000)
  region size 1024K, 2 young (2048K), 2 survivors (2048K)
 Metaspace       used 65496K, committed 66112K, reserved 479232K
  class space    used 8954K, committed 9216K, reserved 421888K
}
Event: 72.645 GC heap before
{Heap before GC invocations=33 (full 0):
 garbage-first heap   total 119808K, used 72117K [0x0000000080000000, 0x0000000100000000)
  region size 1024K, 5 young (5120K), 2 survivors (2048K)
 Metaspace       used 66389K, committed 67008K, reserved 487424K
  class space    used 9045K, committed 9280K, reserved 421888K
}
Event: 72.652 GC heap after
{Heap after GC invocations=34 (full 0):
 garbage-first heap   total 119808K, used 69496K [0x0000000080000000, 0x0000000100000000)
  region size 1024K, 1 young (1024K), 1 survivors (1024K)
 Metaspace       used 66389K, committed 67008K, reserved 487424K
  class space    used 9045K, committed 9280K, reserved 421888K
}
Event: 74.075 GC heap before
{Heap before GC invocations=34 (full 0):
 garbage-first heap   total 119808K, used 93048K [0x0000000080000000, 0x0000000100000000)
  region size 1024K, 25 young (25600K), 1 survivors (1024K)
 Metaspace       used 68674K, committed 69312K, reserved 487424K
  class space    used 9335K, committed 9600K, reserved 421888K
}
Event: 74.081 GC heap after
{Heap after GC invocations=35 (full 0):
 garbage-first heap   total 119808K, used 71783K [0x0000000080000000, 0x0000000100000000)
  region size 1024K, 4 young (4096K), 4 survivors (4096K)
 Metaspace       used 68674K, committed 69312K, reserved 487424K
  class space    used 9335K, committed 9600K, reserved 421888K
}
Event: 75.109 GC heap before
{Heap before GC invocations=36 (full 0):
 garbage-first heap   total 128000K, used 94311K [0x0000000080000000, 0x0000000100000000)
  region size 1024K, 26 young (26624K), 4 survivors (4096K)
 Metaspace       used 70247K, committed 70848K, reserved 487424K
  class space    used 9537K, committed 9792K, reserved 421888K
}
Event: 75.119 GC heap after
{Heap after GC invocations=37 (full 0):
 garbage-first heap   total 128000K, used 73743K [0x0000000080000000, 0x0000000100000000)
  region size 1024K, 2 young (2048K), 2 survivors (2048K)
 Metaspace       used 70247K, committed 70848K, reserved 487424K
  class space    used 9537K, committed 9792K, reserved 421888K
}
Event: 75.182 GC heap before
{Heap before GC invocations=37 (full 0):
 garbage-first heap   total 128000K, used 77839K [0x0000000080000000, 0x0000000100000000)
  region size 1024K, 6 young (6144K), 2 survivors (2048K)
 Metaspace       used 70261K, committed 70848K, reserved 487424K
  class space    used 9537K, committed 9792K, reserved 421888K
}
Event: 75.186 GC heap after
{Heap after GC invocations=38 (full 0):
 garbage-first heap   total 128000K, used 74002K [0x0000000080000000, 0x0000000100000000)
  region size 1024K, 1 young (1024K), 1 survivors (1024K)
 Metaspace       used 70261K, committed 70848K, reserved 487424K
  class space    used 9537K, committed 9792K, reserved 421888K
}
Event: 76.202 GC heap before
{Heap before GC invocations=38 (full 0):
 garbage-first heap   total 128000K, used 101650K [0x0000000080000000, 0x0000000100000000)
  region size 1024K, 28 young (28672K), 1 survivors (1024K)
 Metaspace       used 70736K, committed 71424K, reserved 487424K
  class space    used 9610K, committed 9920K, reserved 421888K
}
Event: 76.211 GC heap after
{Heap after GC invocations=39 (full 0):
 garbage-first heap   total 208896K, used 78061K [0x0000000080000000, 0x0000000100000000)
  region size 1024K, 4 young (4096K), 4 survivors (4096K)
 Metaspace       used 70736K, committed 71424K, reserved 487424K
  class space    used 9610K, committed 9920K, reserved 421888K
}

Dll operation events (12 events):
Event: 0.014 Loaded shared library C:\Users\kavir\AppData\Local\Programs\Eclipse Adoptium\jdk-17.0.6.10-hotspot\bin\java.dll
Event: 0.024 Loaded shared library C:\Users\kavir\AppData\Local\Programs\Eclipse Adoptium\jdk-17.0.6.10-hotspot\bin\jsvml.dll
Event: 0.101 Loaded shared library C:\Users\kavir\AppData\Local\Programs\Eclipse Adoptium\jdk-17.0.6.10-hotspot\bin\net.dll
Event: 0.106 Loaded shared library C:\Users\kavir\AppData\Local\Programs\Eclipse Adoptium\jdk-17.0.6.10-hotspot\bin\nio.dll
Event: 0.119 Loaded shared library C:\Users\kavir\AppData\Local\Programs\Eclipse Adoptium\jdk-17.0.6.10-hotspot\bin\zip.dll
Event: 0.395 Loaded shared library C:\Users\kavir\AppData\Local\Programs\Eclipse Adoptium\jdk-17.0.6.10-hotspot\bin\jimage.dll
Event: 0.484 Loaded shared library C:\Users\kavir\AppData\Local\Programs\Eclipse Adoptium\jdk-17.0.6.10-hotspot\bin\verify.dll
Event: 0.724 Loaded shared library C:\Users\kavir\.gradle\native\e1d6ef7f7dcc3fd88c89a11ec53ec762bb8ba0a96d01ffa2cd45eb1d1d8dd5c5\windows-amd64\native-platform.dll
Event: 0.740 Loaded shared library C:\Users\kavir\.gradle\native\5664cfc778a61ccfe75a443a1ab52a65af34e5dc3c78e0209fed803814484fcb\windows-amd64\native-platform-file-events.dll
Event: 2.442 Loaded shared library C:\Users\kavir\AppData\Local\Programs\Eclipse Adoptium\jdk-17.0.6.10-hotspot\bin\management.dll
Event: 2.447 Loaded shared library C:\Users\kavir\AppData\Local\Programs\Eclipse Adoptium\jdk-17.0.6.10-hotspot\bin\management_ext.dll
Event: 3.987 Loaded shared library C:\Users\kavir\AppData\Local\Programs\Eclipse Adoptium\jdk-17.0.6.10-hotspot\bin\sunmscapi.dll

Deoptimization events (20 events):
Event: 75.815 Thread 0x000001da21dd5500 Uncommon trap: trap_request=0xfffffff4 fr.pc=0x000001da116b6c18 relative=0x00000000000009f8
Event: 75.815 Thread 0x000001da21dd5500 Uncommon trap: reason=null_check action=make_not_entrant pc=0x000001da116b6c18 method=com.sun.beans.introspect.MethodInfo$MethodOrder.compare(Ljava/lang/reflect/Method;Ljava/lang/reflect/Method;)I @ 145 c2
Event: 75.815 Thread 0x000001da21dd5500 DEOPT PACKING pc=0x000001da116b6c18 sp=0x000000bd1f8f47c0
Event: 75.815 Thread 0x000001da21dd5500 DEOPT UNPACKING pc=0x000001da10cba1a3 sp=0x000000bd1f8f46f0 mode 2
Event: 76.164 Thread 0x000001da21dd5500 DEOPT PACKING pc=0x000001da0a6577bb sp=0x000000bd1f8f82d0
Event: 76.164 Thread 0x000001da21dd5500 DEOPT UNPACKING pc=0x000001da10cbace3 sp=0x000000bd1f8f7870 mode 0
Event: 114.939 Thread 0x000001da21dd5500 DEOPT PACKING pc=0x000001da0a2f3695 sp=0x000000bd1f8f95c0
Event: 114.940 Thread 0x000001da21dd5500 DEOPT UNPACKING pc=0x000001da10cbace3 sp=0x000000bd1f8f8ac8 mode 0
Event: 115.008 Thread 0x000001da21dd5500 DEOPT PACKING pc=0x000001da0a6577bb sp=0x000000bd1f8f9140
Event: 115.009 Thread 0x000001da21dd5500 DEOPT UNPACKING pc=0x000001da10cbace3 sp=0x000000bd1f8f86e0 mode 0
Event: 116.622 Thread 0x000001da21dd5500 DEOPT PACKING pc=0x000001da0a752be4 sp=0x000000bd1f8f8ce0
Event: 116.622 Thread 0x000001da21dd5500 DEOPT UNPACKING pc=0x000001da10cbace3 sp=0x000000bd1f8f81f8 mode 0
Event: 116.764 Thread 0x000001da21dd5500 Uncommon trap: trap_request=0xffffffde fr.pc=0x000001da1166f000 relative=0x00000000000006a0
Event: 116.764 Thread 0x000001da21dd5500 Uncommon trap: reason=class_check action=maybe_recompile pc=0x000001da1166f000 method=org.gradle.internal.instantiation.generator.AbstractClassGenerator$InjectionAnnotationValidator.validateMethod(Ljava/lang/reflect/Method;Lorg/gradle/internal/reflect/Pro
Event: 116.764 Thread 0x000001da21dd5500 DEOPT PACKING pc=0x000001da1166f000 sp=0x000000bd1f8f9160
Event: 116.764 Thread 0x000001da21dd5500 DEOPT UNPACKING pc=0x000001da10cba1a3 sp=0x000000bd1f8f9128 mode 2
Event: 116.806 Thread 0x000001da21dd5500 Uncommon trap: trap_request=0xffffffde fr.pc=0x000001da1166f000 relative=0x00000000000006a0
Event: 116.806 Thread 0x000001da21dd5500 Uncommon trap: reason=class_check action=maybe_recompile pc=0x000001da1166f000 method=org.gradle.internal.instantiation.generator.AbstractClassGenerator$InjectionAnnotationValidator.validateMethod(Ljava/lang/reflect/Method;Lorg/gradle/internal/reflect/Pro
Event: 116.806 Thread 0x000001da21dd5500 DEOPT PACKING pc=0x000001da1166f000 sp=0x000000bd1f8f9270
Event: 116.806 Thread 0x000001da21dd5500 DEOPT UNPACKING pc=0x000001da10cba1a3 sp=0x000000bd1f8f9238 mode 2

Classes unloaded (0 events):
No events

Classes redefined (0 events):
No events

Internal exceptions (20 events):
Event: 76.181 Thread 0x000001da21dd5500 Exception <a 'java/lang/ClassNotFoundException'{0x00000000864b0418}: org/gradle/api/internal/AbstractTaskCustomizer> (0x00000000864b0418) 
thrown [s\src\hotspot\share\classfile\systemDictionary.cpp, line 256]
Event: 76.184 Thread 0x000001da21dd5500 Exception <a 'java/lang/ClassNotFoundException'{0x0000000086310858}: org/gradle/api/DefaultTaskCustomizer> (0x0000000086310858) 
thrown [s\src\hotspot\share\classfile\systemDictionary.cpp, line 256]
Event: 76.186 Thread 0x000001da21dd5500 Exception <a 'java/lang/ClassNotFoundException'{0x000000008637e6a0}: org/gradle/api/internal/ConventionTaskCustomizer> (0x000000008637e6a0) 
thrown [s\src\hotspot\share\classfile\systemDictionary.cpp, line 256]
Event: 76.188 Thread 0x000001da21dd5500 Exception <a 'java/lang/ClassNotFoundException'{0x00000000863a1c98}: org/gradle/api/tasks/AbstractCopyTaskCustomizer> (0x00000000863a1c98) 
thrown [s\src\hotspot\share\classfile\systemDictionary.cpp, line 256]
Event: 76.191 Thread 0x000001da21dd5500 Exception <a 'java/lang/ClassNotFoundException'{0x00000000862245c8}: org/gradle/api/tasks/CopyCustomizer> (0x00000000862245c8) 
thrown [s\src\hotspot\share\classfile\systemDictionary.cpp, line 256]
Event: 76.196 Thread 0x000001da21dd5500 Exception <a 'java/lang/ClassNotFoundException'{0x000000008624d1e8}: org/gradle/api/tasks/Copy_DecoratedCustomizer> (0x000000008624d1e8) 
thrown [s\src\hotspot\share\classfile\systemDictionary.cpp, line 256]
Event: 76.218 Thread 0x000001da21dd5500 Exception <a 'java/lang/ClassNotFoundException'{0x000000008cbfd628}: org/gradle/api/internal/artifacts/configurations/DefaultConfigurationContainer_DecoratedBeanInfo> (0x000000008cbfd628) 
thrown [s\src\hotspot\share\classfile\systemDictionary.cpp, line 256]
Event: 76.224 Thread 0x000001da21dd5500 Exception <a 'java/lang/ClassNotFoundException'{0x000000008ca15830}: org/gradle/api/internal/artifacts/configurations/DefaultConfigurationContainerBeanInfo> (0x000000008ca15830) 
thrown [s\src\hotspot\share\classfile\systemDictionary.cpp, line 256]
Event: 76.226 Thread 0x000001da21dd5500 Exception <a 'java/lang/ClassNotFoundException'{0x000000008ca2a770}: org/gradle/api/internal/AbstractValidatingNamedDomainObjectContainerBeanInfo> (0x000000008ca2a770) 
thrown [s\src\hotspot\share\classfile\systemDictionary.cpp, line 256]
Event: 76.227 Thread 0x000001da21dd5500 Exception <a 'java/lang/ClassNotFoundException'{0x000000008ca3eeb8}: org/gradle/api/internal/AbstractValidatingNamedDomainObjectContainerCustomizer> (0x000000008ca3eeb8) 
thrown [s\src\hotspot\share\classfile\systemDictionary.cpp, line 256]
Event: 76.230 Thread 0x000001da21dd5500 Exception <a 'java/lang/ClassNotFoundException'{0x000000008ca61ac0}: org/gradle/api/internal/artifacts/configurations/DefaultConfigurationContainerCustomizer> (0x000000008ca61ac0) 
thrown [s\src\hotspot\share\classfile\systemDictionary.cpp, line 256]
Event: 76.232 Thread 0x000001da21dd5500 Exception <a 'java/lang/ClassNotFoundException'{0x000000008ca8cf30}: org/gradle/api/internal/artifacts/configurations/DefaultConfigurationContainer_DecoratedCustomizer> (0x000000008ca8cf30) 
thrown [s\src\hotspot\share\classfile\systemDictionary.cpp, line 256]
Event: 112.402 Thread 0x000001da21dd5500 Exception <a 'java/lang/ClassNotFoundException'{0x000000008c893358}: org/gradle/api/DefaultTask_DecoratedBeanInfo> (0x000000008c893358) 
thrown [s\src\hotspot\share\classfile\systemDictionary.cpp, line 256]
Event: 112.410 Thread 0x000001da21dd5500 Exception <a 'java/lang/ClassNotFoundException'{0x000000008c8a7ce8}: org/gradle/api/DefaultTask_DecoratedCustomizer> (0x000000008c8a7ce8) 
thrown [s\src\hotspot\share\classfile\systemDictionary.cpp, line 256]
Event: 116.903 Thread 0x000001da21dd5500 Exception <a 'java/lang/ClassNotFoundException'{0x000000008a10d478}: com/android/build/gradle/internal/api/ApkVariantOutputImpl_DecoratedBeanInfo> (0x000000008a10d478) 
thrown [s\src\hotspot\share\classfile\systemDictionary.cpp, line 256]
Event: 116.905 Thread 0x000001da21dd5500 Exception <a 'java/lang/ClassNotFoundException'{0x000000008a119258}: com/android/build/gradle/internal/api/ApkVariantOutputImplBeanInfo> (0x000000008a119258) 
thrown [s\src\hotspot\share\classfile\systemDictionary.cpp, line 256]
Event: 116.906 Thread 0x000001da21dd5500 Exception <a 'java/lang/ClassNotFoundException'{0x000000008a125048}: com/android/build/gradle/internal/api/BaseVariantOutputImplBeanInfo> (0x000000008a125048) 
thrown [s\src\hotspot\share\classfile\systemDictionary.cpp, line 256]
Event: 116.909 Thread 0x000001da21dd5500 Exception <a 'java/lang/ClassNotFoundException'{0x000000008a130e10}: com/android/build/gradle/internal/api/BaseVariantOutputImplCustomizer> (0x000000008a130e10) 
thrown [s\src\hotspot\share\classfile\systemDictionary.cpp, line 256]
Event: 116.911 Thread 0x000001da21dd5500 Exception <a 'java/lang/ClassNotFoundException'{0x000000008a14fad8}: com/android/build/gradle/internal/api/ApkVariantOutputImplCustomizer> (0x000000008a14fad8) 
thrown [s\src\hotspot\share\classfile\systemDictionary.cpp, line 256]
Event: 116.914 Thread 0x000001da21dd5500 Exception <a 'java/lang/ClassNotFoundException'{0x000000008a169788}: com/android/build/gradle/internal/api/ApkVariantOutputImpl_DecoratedCustomizer> (0x000000008a169788) 
thrown [s\src\hotspot\share\classfile\systemDictionary.cpp, line 256]

VM Operations (20 events):
Event: 76.202 Executing VM operation: G1CollectForAllocation
Event: 76.211 Executing VM operation: G1CollectForAllocation done
Event: 76.324 Executing VM operation: G1Concurrent
Event: 76.330 Executing VM operation: G1Concurrent done
Event: 76.390 Executing VM operation: G1Concurrent
Event: 76.390 Executing VM operation: G1Concurrent done
Event: 77.402 Executing VM operation: Cleanup
Event: 77.402 Executing VM operation: Cleanup done
Event: 85.500 Executing VM operation: Cleanup
Event: 85.500 Executing VM operation: Cleanup done
Event: 111.777 Executing VM operation: Cleanup
Event: 111.809 Executing VM operation: Cleanup done
Event: 112.819 Executing VM operation: Cleanup
Event: 112.819 Executing VM operation: Cleanup done
Event: 113.189 Executing VM operation: HandshakeAllThreads
Event: 113.207 Executing VM operation: HandshakeAllThreads done
Event: 115.233 Executing VM operation: Cleanup
Event: 115.234 Executing VM operation: Cleanup done
Event: 116.248 Executing VM operation: Cleanup
Event: 116.248 Executing VM operation: Cleanup done

Events (20 events):
Event: 75.715 loading class java/lang/EnumBeanInfo
Event: 75.715 loading class java/lang/EnumBeanInfo done
Event: 75.715 loading class java/lang/EnumBeanInfo
Event: 75.715 loading class java/lang/EnumBeanInfo done
Event: 75.715 loading class java/lang/EnumCustomizer
Event: 75.715 loading class java/lang/EnumCustomizer done
Event: 75.715 loading class java/lang/EnumCustomizer
Event: 75.715 loading class java/lang/EnumCustomizer done
Event: 75.770 loading class java/lang/BooleanBeanInfo
Event: 75.770 loading class java/lang/BooleanBeanInfo done
Event: 75.770 loading class java/lang/BooleanBeanInfo
Event: 75.770 loading class java/lang/BooleanBeanInfo done
Event: 75.770 loading class java/lang/BooleanCustomizer
Event: 75.770 loading class java/lang/BooleanCustomizer done
Event: 75.770 loading class java/lang/BooleanCustomizer
Event: 75.770 loading class java/lang/BooleanCustomizer done
Event: 75.770 loading class jdk/internal/ValueBased
Event: 75.771 loading class jdk/internal/ValueBased done
Event: 76.189 loading class java/io/FilterReader
Event: 76.189 loading class java/io/FilterReader done


Dynamic libraries:
0x00007ff7cb650000 - 0x00007ff7cb65e000 	C:\Users\kavir\AppData\Local\Programs\Eclipse Adoptium\jdk-17.0.6.10-hotspot\bin\java.exe
0x00007fffa7ab0000 - 0x00007fffa7cc7000 	C:\windows\SYSTEM32\ntdll.dll
0x00007fffa6140000 - 0x00007fffa6204000 	C:\windows\System32\KERNEL32.DLL
0x00007fffa51f0000 - 0x00007fffa559d000 	C:\windows\System32\KERNELBASE.dll
0x00007fffa4e50000 - 0x00007fffa4f61000 	C:\windows\System32\ucrtbase.dll
0x00007fff7f3a0000 - 0x00007fff7f3b9000 	C:\Users\kavir\AppData\Local\Programs\Eclipse Adoptium\jdk-17.0.6.10-hotspot\bin\VCRUNTIME140.dll
0x00007fff7f610000 - 0x00007fff7f627000 	C:\Users\kavir\AppData\Local\Programs\Eclipse Adoptium\jdk-17.0.6.10-hotspot\bin\jli.dll
0x00007fffa6980000 - 0x00007fffa6b2e000 	C:\windows\System32\USER32.dll
0x00007fffa51c0000 - 0x00007fffa51e6000 	C:\windows\System32\win32u.dll
0x00007fffa5c60000 - 0x00007fffa5c89000 	C:\windows\System32\GDI32.dll
0x00007fff881c0000 - 0x00007fff88453000 	C:\windows\WinSxS\amd64_microsoft.windows.common-controls_6595b64144ccf1df_6.0.22621.3672_none_2713b9d173822955\COMCTL32.dll
0x00007fffa4fe0000 - 0x00007fffa50f9000 	C:\windows\System32\gdi32full.dll
0x00007fffa79c0000 - 0x00007fffa7a67000 	C:\windows\System32\msvcrt.dll
0x00007fffa5740000 - 0x00007fffa57da000 	C:\windows\System32\msvcp_win.dll
0x00007fffa5d40000 - 0x00007fffa5d71000 	C:\windows\System32\IMM32.DLL
0x00007fff9ebf0000 - 0x00007fff9ebfc000 	C:\Users\kavir\AppData\Local\Programs\Eclipse Adoptium\jdk-17.0.6.10-hotspot\bin\vcruntime140_1.dll
0x00007fff6d3e0000 - 0x00007fff6d471000 	C:\Users\kavir\AppData\Local\Programs\Eclipse Adoptium\jdk-17.0.6.10-hotspot\bin\msvcp140.dll
0x00007fff4a290000 - 0x00007fff4aed7000 	C:\Users\kavir\AppData\Local\Programs\Eclipse Adoptium\jdk-17.0.6.10-hotspot\bin\server\jvm.dll
0x00007fffa6670000 - 0x00007fffa6722000 	C:\windows\System32\ADVAPI32.dll
0x00007fffa6210000 - 0x00007fffa62b9000 	C:\windows\System32\sechost.dll
0x00007fffa5710000 - 0x00007fffa5738000 	C:\windows\System32\bcrypt.dll
0x00007fffa77c0000 - 0x00007fffa78d4000 	C:\windows\System32\RPCRT4.dll
0x00007fff92820000 - 0x00007fff92829000 	C:\windows\SYSTEM32\WSOCK32.dll
0x00007fffa5f90000 - 0x00007fffa6001000 	C:\windows\System32\WS2_32.dll
0x00007fff9dd40000 - 0x00007fff9dd74000 	C:\windows\SYSTEM32\WINMM.dll
0x00007fff9b620000 - 0x00007fff9b62a000 	C:\windows\SYSTEM32\VERSION.dll
0x00007fffa3de0000 - 0x00007fffa3df8000 	C:\windows\SYSTEM32\kernel.appcore.dll
0x00007fff87620000 - 0x00007fff8762a000 	C:\Users\kavir\AppData\Local\Programs\Eclipse Adoptium\jdk-17.0.6.10-hotspot\bin\jimage.dll
0x00007fffa2650000 - 0x00007fffa2882000 	C:\windows\SYSTEM32\DBGHELP.DLL
0x00007fffa62d0000 - 0x00007fffa665e000 	C:\windows\System32\combase.dll
0x00007fffa68a0000 - 0x00007fffa6977000 	C:\windows\System32\OLEAUT32.dll
0x00007fff7f060000 - 0x00007fff7f092000 	C:\windows\SYSTEM32\dbgcore.DLL
0x00007fffa4dd0000 - 0x00007fffa4e4b000 	C:\windows\System32\bcryptPrimitives.dll
0x00007fff71d30000 - 0x00007fff71d55000 	C:\Users\kavir\AppData\Local\Programs\Eclipse Adoptium\jdk-17.0.6.10-hotspot\bin\java.dll
0x00007fff6d300000 - 0x00007fff6d3d6000 	C:\Users\kavir\AppData\Local\Programs\Eclipse Adoptium\jdk-17.0.6.10-hotspot\bin\jsvml.dll
0x00007fffa6e50000 - 0x00007fffa76b7000 	C:\windows\System32\SHELL32.dll
0x00007fffa2d00000 - 0x00007fffa35ff000 	C:\windows\SYSTEM32\windows.storage.dll
0x00007fffa2bc0000 - 0x00007fffa2cff000 	C:\windows\SYSTEM32\wintypes.dll
0x00007fffa6010000 - 0x00007fffa6109000 	C:\windows\System32\SHCORE.dll
0x00007fffa7960000 - 0x00007fffa79be000 	C:\windows\System32\shlwapi.dll
0x00007fffa4d00000 - 0x00007fffa4d27000 	C:\windows\SYSTEM32\profapi.dll
0x00007fff6d180000 - 0x00007fff6d199000 	C:\Users\kavir\AppData\Local\Programs\Eclipse Adoptium\jdk-17.0.6.10-hotspot\bin\net.dll
0x00007fffa1260000 - 0x00007fffa1396000 	C:\windows\SYSTEM32\WINHTTP.dll
0x00007fffa4250000 - 0x00007fffa42b9000 	C:\windows\system32\mswsock.dll
0x00007fff6d160000 - 0x00007fff6d175000 	C:\Users\kavir\AppData\Local\Programs\Eclipse Adoptium\jdk-17.0.6.10-hotspot\bin\nio.dll
0x00007fff6d110000 - 0x00007fff6d128000 	C:\Users\kavir\AppData\Local\Programs\Eclipse Adoptium\jdk-17.0.6.10-hotspot\bin\zip.dll
0x00007fff852f0000 - 0x00007fff85300000 	C:\Users\kavir\AppData\Local\Programs\Eclipse Adoptium\jdk-17.0.6.10-hotspot\bin\verify.dll
0x00007fff7f270000 - 0x00007fff7f297000 	C:\Users\kavir\.gradle\native\e1d6ef7f7dcc3fd88c89a11ec53ec762bb8ba0a96d01ffa2cd45eb1d1d8dd5c5\windows-amd64\native-platform.dll
0x00007fff4d500000 - 0x00007fff4d644000 	C:\Users\kavir\.gradle\native\5664cfc778a61ccfe75a443a1ab52a65af34e5dc3c78e0209fed803814484fcb\windows-amd64\native-platform-file-events.dll
0x00007fff9ec90000 - 0x00007fff9ec99000 	C:\Users\kavir\AppData\Local\Programs\Eclipse Adoptium\jdk-17.0.6.10-hotspot\bin\management.dll
0x00007fff9ec80000 - 0x00007fff9ec8b000 	C:\Users\kavir\AppData\Local\Programs\Eclipse Adoptium\jdk-17.0.6.10-hotspot\bin\management_ext.dll
0x00007fffa62c0000 - 0x00007fffa62c8000 	C:\windows\System32\PSAPI.DLL
0x00007fffa4470000 - 0x00007fffa448b000 	C:\windows\SYSTEM32\CRYPTSP.dll
0x00007fffa3d40000 - 0x00007fffa3d75000 	C:\windows\system32\rsaenh.dll
0x00007fffa42f0000 - 0x00007fffa4318000 	C:\windows\SYSTEM32\USERENV.dll
0x00007fffa4490000 - 0x00007fffa449c000 	C:\windows\SYSTEM32\CRYPTBASE.dll
0x00007fffa3860000 - 0x00007fffa388d000 	C:\windows\SYSTEM32\IPHLPAPI.DLL
0x00007fffa6660000 - 0x00007fffa6669000 	C:\windows\System32\NSI.dll
0x00007fffa1240000 - 0x00007fffa1259000 	C:\windows\SYSTEM32\dhcpcsvc6.DLL
0x00007fffa1220000 - 0x00007fffa123f000 	C:\windows\SYSTEM32\dhcpcsvc.DLL
0x00007fffa3890000 - 0x00007fffa3988000 	C:\windows\SYSTEM32\DNSAPI.dll
0x00007fff9ec40000 - 0x00007fff9ec4e000 	C:\Users\kavir\AppData\Local\Programs\Eclipse Adoptium\jdk-17.0.6.10-hotspot\bin\sunmscapi.dll
0x00007fffa55a0000 - 0x00007fffa5706000 	C:\windows\System32\CRYPT32.dll
0x00007fffa46a0000 - 0x00007fffa46ce000 	C:\windows\SYSTEM32\ncrypt.dll
0x00007fffa4660000 - 0x00007fffa4697000 	C:\windows\SYSTEM32\NTASN1.dll
0x00007fff7f570000 - 0x00007fff7f578000 	C:\windows\system32\wshunix.dll

dbghelp: loaded successfully - version: 4.0.5 - missing functions: none
symbol engine: initialized successfully - sym options: 0x614 - pdb path: .;C:\Users\kavir\AppData\Local\Programs\Eclipse Adoptium\jdk-17.0.6.10-hotspot\bin;C:\windows\SYSTEM32;C:\windows\WinSxS\amd64_microsoft.windows.common-controls_6595b64144ccf1df_6.0.22621.3672_none_2713b9d173822955;C:\Users\kavir\AppData\Local\Programs\Eclipse Adoptium\jdk-17.0.6.10-hotspot\bin\server;C:\Users\kavir\.gradle\native\e1d6ef7f7dcc3fd88c89a11ec53ec762bb8ba0a96d01ffa2cd45eb1d1d8dd5c5\windows-amd64;C:\Users\kavir\.gradle\native\5664cfc778a61ccfe75a443a1ab52a65af34e5dc3c78e0209fed803814484fcb\windows-amd64

VM Arguments:
jvm_args: -XX:MaxMetaspaceSize=512m --add-opens=java.base/java.util=ALL-UNNAMED --add-opens=java.base/java.lang=ALL-UNNAMED --add-opens=java.base/java.lang.invoke=ALL-UNNAMED --add-opens=java.base/java.util=ALL-UNNAMED --add-opens=java.prefs/java.util.prefs=ALL-UNNAMED --add-opens=java.prefs/java.util.prefs=ALL-UNNAMED --add-opens=java.base/java.nio.charset=ALL-UNNAMED --add-opens=java.base/java.net=ALL-UNNAMED --add-opens=java.base/java.util.concurrent.atomic=ALL-UNNAMED -Xmx2048m -Dfile.encoding=windows-1252 -Duser.country=IN -Duser.language=en -Duser.variant 
java_command: org.gradle.launcher.daemon.bootstrap.GradleDaemon 7.3.3
java_class_path (initial): C:\Users\kavir\.gradle\wrapper\dists\gradle-7.3.3-all\4295vidhdd9hd3gbjyw1xqxpo\gradle-7.3.3\lib\gradle-launcher-7.3.3.jar
Launcher Type: SUN_STANDARD

[Global flags]
     intx CICompilerCount                          = 3                                         {product} {ergonomic}
   size_t CompressedClassSpaceSize                 = 432013312                                 {product} {ergonomic}
     uint ConcGCThreads                            = 1                                         {product} {ergonomic}
     uint G1ConcRefinementThreads                  = 4                                         {product} {ergonomic}
   size_t G1HeapRegionSize                         = 1048576                                   {product} {ergonomic}
    uintx GCDrainStackTargetSize                   = 64                                        {product} {ergonomic}
   size_t InitialHeapSize                          = 130023424                                 {product} {ergonomic}
   size_t MarkStackSize                            = 4194304                                   {product} {ergonomic}
   size_t MaxHeapSize                              = 2147483648                                {product} {command line}
   size_t MaxMetaspaceSize                         = 536870912                                 {product} {command line}
   size_t MaxNewSize                               = 1287651328                                {product} {ergonomic}
   size_t MinHeapDeltaBytes                        = 1048576                                   {product} {ergonomic}
   size_t MinHeapSize                              = 8388608                                   {product} {ergonomic}
    uintx NonNMethodCodeHeapSize                   = 5832780                                {pd product} {ergonomic}
    uintx NonProfiledCodeHeapSize                  = 122912730                              {pd product} {ergonomic}
    uintx ProfiledCodeHeapSize                     = 122912730                              {pd product} {ergonomic}
    uintx ReservedCodeCacheSize                    = 251658240                              {pd product} {ergonomic}
     bool SegmentedCodeCache                       = true                                      {product} {ergonomic}
   size_t SoftMaxHeapSize                          = 2147483648                             {manageable} {ergonomic}
     bool UseCompressedClassPointers               = true                           {product lp64_product} {ergonomic}
     bool UseCompressedOops                        = true                           {product lp64_product} {ergonomic}
     bool UseG1GC                                  = true                                      {product} {ergonomic}
     bool UseLargePagesIndividualAllocation        = false                                  {pd product} {ergonomic}

Logging:
Log output configuration:
 #0: stdout all=warning uptime,level,tags
 #1: stderr all=off uptime,level,tags

Environment Variables:
JAVA_HOME=C:\Users\kavir\AppData\Local\Programs\Eclipse Adoptium\jdk-17.0.6.10-hotspot\
CLASSPATH=D:\theschool.ai\frontend\android\\gradle\wrapper\gradle-wrapper.jar
PATH=D:\theschool.ai\frontend\android\node_modules\.bin;D:\theschool.ai\frontend\node_modules\.bin;D:\theschool.ai\node_modules\.bin;D:\node_modules\.bin;C:\Program Files\nodejs;D:\theschool.ai\frontend\node_modules\.bin;D:\theschool.ai\frontend\node_modules\.bin;D:\theschool.ai\node_modules\.bin;D:\node_modules\.bin;C:\Program Files\nodejs\node_modules\npm\node_modules\@npmcli\run-script\lib\node-gyp-bin;C:\Program Files\Microsoft\jdk-17.0.10.7-hotspot\bin;C:\windows\system32;C:\windows;C:\windows\System32\Wbem;C:\windows\System32\WindowsPowerShell\v1.0\;C:\windows\System32\OpenSSH\;C:\Program Files\Git\cmd;C:\ProgramData\chocolatey\bin;C:\Program Files\nodejs\;C:\Program Files (x86)\Microsoft SQL Server\160\Tools\Binn\;C:\Program Files\Microsoft SQL Server\160\Tools\Binn\;C:\Program Files\Microsoft SQL Server\Client SDK\ODBC\170\Tools\Binn\;C:\Program Files\Microsoft SQL Server\160\DTS\Binn\;C:\Program Files\Azure Data Studio\bin;C:\Program Files\HP\HP One Agent;C:\Users\kavir\AppData\Local\Programs\Eclipse Adoptium\jdk-17.0.6.10-hotspot\bin;C:\Users\kavir\AppData\Local\Microsoft\WindowsApps;C:\Users\kavir\AppData\Local\Programs\Microsoft VS Code\bin;C:\Users\kavir\AppData\Roaming\npm;C:\Users\kavir\AppData\Local\Android\Sdk;C:\Users\kavir\AppData\Local\Android\Sdk\platform-tools;C:\Program Files\Azure Data Studio\bin;
USERNAME=kavir
OS=Windows_NT
PROCESSOR_IDENTIFIER=Intel64 Family 6 Model 140 Stepping 2, GenuineIntel
TMP=C:\Users\kavir\AppData\Local\Temp
TEMP=C:\Users\kavir\AppData\Local\Temp



---------------  S Y S T E M  ---------------

OS:
 Windows 11 , 64 bit Build 22621 (10.0.22621.3958)
OS uptime: 0 days 0:26 hours
Hyper-V role detected

CPU: total 4 (initial active 4) (2 cores per cpu, 2 threads per core) family 6 model 140 stepping 2 microcode 0x34, cx8, cmov, fxsr, ht, mmx, 3dnowpref, sse, sse2, sse3, ssse3, sse4.1, sse4.2, popcnt, lzcnt, tsc, tscinvbit, avx, avx2, aes, erms, clmul, bmi1, bmi2, adx, avx512f, avx512dq, avx512cd, avx512bw, avx512vl, sha, fma, vzeroupper, avx512_vpopcntdq, avx512_vpclmulqdq, avx512_vaes, avx512_vnni, clflush, clflushopt, clwb, avx512_vbmi2, avx512_vbmi, hv

Memory: 4k page, system-wide physical 7834M (74M free)
TotalPageFile size 30374M (AvailPageFile size 3M)
current process WorkingSet (physical memory assigned to process): 181M, peak: 283M
current process commit charge ("private bytes"): 453M, peak: 467M

vm_info: OpenJDK 64-Bit Server VM (17.0.6+10) for windows-amd64 JRE (17.0.6+10), built on Jan 18 2023 10:08:59 by "temurin" with MS VC++ 16.7 (VS2019)

END.
